2021-09-17 01:38:42.828 INFO  org.hibernate.validator.internal.util.Version - HV000001: Hibernate Validator 5.2.4.Final
2021-09-17 01:38:42.849 INFO  com.xtw.bridge.BridgeonzhoudaiApplication - Starting BridgeonzhoudaiApplication using Java 1.8.0_261 on DESKTOP-CJ6RO9E with PID 3840 (D:\software\IDEAAllProj\Spring\bridge_zhoudai\target\classes started by admin in D:\software\IDEAAllProj\collect_zhoudai)
2021-09-17 01:38:42.850 INFO  com.xtw.bridge.BridgeonzhoudaiApplication - The following profiles are active: dev
2021-09-17 01:38:42.992 INFO  o.s.b.d.env.DevToolsPropertyDefaultsPostProcessor - Devtools property defaults active! Set 'spring.devtools.add-properties' to 'false' to disable
2021-09-17 01:38:42.993 INFO  o.s.b.d.env.DevToolsPropertyDefaultsPostProcessor - For additional web related logging consider setting the 'logging.level.web' property to 'DEBUG'
2021-09-17 01:38:45.713 INFO  o.s.boot.web.embedded.tomcat.TomcatWebServer - Tomcat initialized with port(s): 8888 (http)
2021-09-17 01:38:45.729 INFO  org.apache.coyote.http11.Http11NioProtocol - Initializing ProtocolHandler ["http-nio-8888"]
2021-09-17 01:38:45.730 INFO  org.apache.catalina.core.StandardService - Starting service [Tomcat]
2021-09-17 01:38:45.730 INFO  org.apache.catalina.core.StandardEngine - Starting Servlet engine: [Apache Tomcat/9.0.46]
2021-09-17 01:38:45.888 INFO  o.a.c.core.ContainerBase.[Tomcat].[localhost].[/] - Initializing Spring embedded WebApplicationContext
2021-09-17 01:38:45.888 INFO  o.s.b.w.s.c.ServletWebServerApplicationContext - Root WebApplicationContext: initialization completed in 2889 ms
2021-09-17 01:38:48.986 INFO  com.zaxxer.hikari.HikariDataSource - HikariPool-1 - Starting...
2021-09-17 01:38:49.234 INFO  com.zaxxer.hikari.HikariDataSource - HikariPool-1 - Start completed.
2021-09-17 01:38:49.460 INFO  o.s.security.web.DefaultSecurityFilterChain - Will secure any request with [org.springframework.security.web.context.request.async.WebAsyncManagerIntegrationFilter@796109b, org.springframework.security.web.context.SecurityContextPersistenceFilter@6006ec8e, org.springframework.security.web.header.HeaderWriterFilter@7e5b6c6b, org.springframework.web.filter.CorsFilter@6c039c2e, org.springframework.security.web.authentication.logout.LogoutFilter@d61bd35, com.xtw.bridge.filter.JwtAuthenticationTokenFilter@eea2342, org.springframework.security.web.savedrequest.RequestCacheAwareFilter@6c66347b, org.springframework.security.web.servletapi.SecurityContextHolderAwareRequestFilter@78aff2dc, org.springframework.security.web.authentication.rememberme.RememberMeAuthenticationFilter@490df244, org.springframework.security.web.authentication.AnonymousAuthenticationFilter@59e5a398, org.springframework.security.web.session.SessionManagementFilter@9f3df7a, org.springframework.security.web.access.ExceptionTranslationFilter@7d764051, org.springframework.security.web.access.intercept.FilterSecurityInterceptor@40a27ec1]
2021-09-17 01:38:49.535 INFO  o.s.b.d.autoconfigure.OptionalLiveReloadServer - LiveReload server is running on port 35729
2021-09-17 01:38:49.564 INFO  org.apache.coyote.http11.Http11NioProtocol - Starting ProtocolHandler ["http-nio-8888"]
2021-09-17 01:38:49.590 INFO  o.s.boot.web.embedded.tomcat.TomcatWebServer - Tomcat started on port(s): 8888 (http) with context path ''
2021-09-17 01:38:49.606 INFO  com.xtw.bridge.BridgeonzhoudaiApplication - Started BridgeonzhoudaiApplication in 7.873 seconds (JVM running for 9.014)
2021-09-17 01:38:58.845 INFO  o.a.c.core.ContainerBase.[Tomcat].[localhost].[/] - Initializing Spring DispatcherServlet 'dispatcherServlet'
2021-09-17 01:38:58.846 INFO  org.springframework.web.servlet.DispatcherServlet - Initializing Servlet 'dispatcherServlet'
2021-09-17 01:38:58.847 INFO  org.springframework.web.servlet.DispatcherServlet - Completed initialization in 1 ms
2021-09-17 01:42:02.834 INFO  org.hibernate.validator.internal.util.Version - HV000001: Hibernate Validator 5.2.4.Final
2021-09-17 01:42:02.844 INFO  com.xtw.bridge.BridgeonzhoudaiApplication - Starting BridgeonzhoudaiApplication using Java 1.8.0_261 on DESKTOP-CJ6RO9E with PID 12172 (D:\software\IDEAAllProj\Spring\bridge_zhoudai\target\classes started by admin in D:\software\IDEAAllProj\collect_zhoudai)
2021-09-17 01:42:02.845 INFO  com.xtw.bridge.BridgeonzhoudaiApplication - The following profiles are active: dev
2021-09-17 01:42:03.017 INFO  o.s.b.d.env.DevToolsPropertyDefaultsPostProcessor - Devtools property defaults active! Set 'spring.devtools.add-properties' to 'false' to disable
2021-09-17 01:42:03.018 INFO  o.s.b.d.env.DevToolsPropertyDefaultsPostProcessor - For additional web related logging consider setting the 'logging.level.web' property to 'DEBUG'
2021-09-17 01:42:06.087 INFO  o.s.boot.web.embedded.tomcat.TomcatWebServer - Tomcat initialized with port(s): 8888 (http)
2021-09-17 01:42:06.106 INFO  org.apache.coyote.http11.Http11NioProtocol - Initializing ProtocolHandler ["http-nio-8888"]
2021-09-17 01:42:06.107 INFO  org.apache.catalina.core.StandardService - Starting service [Tomcat]
2021-09-17 01:42:06.108 INFO  org.apache.catalina.core.StandardEngine - Starting Servlet engine: [Apache Tomcat/9.0.46]
2021-09-17 01:42:06.272 INFO  o.a.c.core.ContainerBase.[Tomcat].[localhost].[/] - Initializing Spring embedded WebApplicationContext
2021-09-17 01:42:06.273 INFO  o.s.b.w.s.c.ServletWebServerApplicationContext - Root WebApplicationContext: initialization completed in 3254 ms
2021-09-17 01:42:09.150 INFO  com.zaxxer.hikari.HikariDataSource - HikariPool-1 - Starting...
2021-09-17 01:42:09.394 INFO  com.zaxxer.hikari.HikariDataSource - HikariPool-1 - Start completed.
2021-09-17 01:42:09.878 INFO  o.s.security.web.DefaultSecurityFilterChain - Will secure any request with [org.springframework.security.web.context.request.async.WebAsyncManagerIntegrationFilter@258b3766, org.springframework.security.web.context.SecurityContextPersistenceFilter@407c819c, org.springframework.security.web.header.HeaderWriterFilter@2954e2ac, org.springframework.web.filter.CorsFilter@793e6f1f, org.springframework.security.web.authentication.logout.LogoutFilter@683309d2, com.xtw.bridge.filter.JwtAuthenticationTokenFilter@34b37e1, org.springframework.security.web.savedrequest.RequestCacheAwareFilter@fdee069, org.springframework.security.web.servletapi.SecurityContextHolderAwareRequestFilter@4da098e6, org.springframework.security.web.authentication.rememberme.RememberMeAuthenticationFilter@47b0895c, org.springframework.security.web.authentication.AnonymousAuthenticationFilter@2ba4dcd2, org.springframework.security.web.session.SessionManagementFilter@a4b3549, org.springframework.security.web.access.ExceptionTranslationFilter@3a503456, org.springframework.security.web.access.intercept.FilterSecurityInterceptor@eeb97e4]
2021-09-17 01:42:10.104 INFO  o.s.b.d.autoconfigure.OptionalLiveReloadServer - LiveReload server is running on port 35729
2021-09-17 01:42:10.194 INFO  org.apache.coyote.http11.Http11NioProtocol - Starting ProtocolHandler ["http-nio-8888"]
2021-09-17 01:42:10.261 INFO  o.s.boot.web.embedded.tomcat.TomcatWebServer - Tomcat started on port(s): 8888 (http) with context path ''
2021-09-17 01:42:10.301 INFO  com.xtw.bridge.BridgeonzhoudaiApplication - Started BridgeonzhoudaiApplication in 8.425 seconds (JVM running for 10.068)
2021-09-17 01:42:21.743 INFO  o.a.c.core.ContainerBase.[Tomcat].[localhost].[/] - Initializing Spring DispatcherServlet 'dispatcherServlet'
2021-09-17 01:42:21.744 INFO  org.springframework.web.servlet.DispatcherServlet - Initializing Servlet 'dispatcherServlet'
2021-09-17 01:42:21.745 INFO  org.springframework.web.servlet.DispatcherServlet - Completed initialization in 1 ms
2021-09-17 01:43:26.787 INFO  org.hibernate.validator.internal.util.Version - HV000001: Hibernate Validator 5.2.4.Final
2021-09-17 01:43:26.799 INFO  com.xtw.bridge.BridgeonzhoudaiApplication - Starting BridgeonzhoudaiApplication using Java 1.8.0_261 on DESKTOP-CJ6RO9E with PID 9752 (D:\software\IDEAAllProj\Spring\bridge_zhoudai\target\classes started by admin in D:\software\IDEAAllProj\collect_zhoudai)
2021-09-17 01:43:26.800 INFO  com.xtw.bridge.BridgeonzhoudaiApplication - The following profiles are active: dev
2021-09-17 01:43:26.915 INFO  o.s.b.d.env.DevToolsPropertyDefaultsPostProcessor - Devtools property defaults active! Set 'spring.devtools.add-properties' to 'false' to disable
2021-09-17 01:43:26.915 INFO  o.s.b.d.env.DevToolsPropertyDefaultsPostProcessor - For additional web related logging consider setting the 'logging.level.web' property to 'DEBUG'
2021-09-17 01:43:28.821 INFO  o.s.boot.web.embedded.tomcat.TomcatWebServer - Tomcat initialized with port(s): 8888 (http)
2021-09-17 01:43:28.838 INFO  org.apache.coyote.http11.Http11NioProtocol - Initializing ProtocolHandler ["http-nio-8888"]
2021-09-17 01:43:28.839 INFO  org.apache.catalina.core.StandardService - Starting service [Tomcat]
2021-09-17 01:43:28.839 INFO  org.apache.catalina.core.StandardEngine - Starting Servlet engine: [Apache Tomcat/9.0.46]
2021-09-17 01:43:28.959 INFO  o.a.c.core.ContainerBase.[Tomcat].[localhost].[/] - Initializing Spring embedded WebApplicationContext
2021-09-17 01:43:28.960 INFO  o.s.b.w.s.c.ServletWebServerApplicationContext - Root WebApplicationContext: initialization completed in 2044 ms
2021-09-17 01:43:30.991 INFO  com.zaxxer.hikari.HikariDataSource - HikariPool-1 - Starting...
2021-09-17 01:43:31.220 INFO  com.zaxxer.hikari.HikariDataSource - HikariPool-1 - Start completed.
2021-09-17 01:43:31.486 INFO  o.s.security.web.DefaultSecurityFilterChain - Will secure any request with [org.springframework.security.web.context.request.async.WebAsyncManagerIntegrationFilter@78354e62, org.springframework.security.web.context.SecurityContextPersistenceFilter@58c747c9, org.springframework.security.web.header.HeaderWriterFilter@4f9fe11, org.springframework.web.filter.CorsFilter@653f0a9, org.springframework.security.web.authentication.logout.LogoutFilter@3e34e858, com.xtw.bridge.filter.JwtAuthenticationTokenFilter@54144ca5, org.springframework.security.web.savedrequest.RequestCacheAwareFilter@69311e08, org.springframework.security.web.servletapi.SecurityContextHolderAwareRequestFilter@1100cea0, org.springframework.security.web.authentication.rememberme.RememberMeAuthenticationFilter@2af59dbc, org.springframework.security.web.authentication.AnonymousAuthenticationFilter@211ccc92, org.springframework.security.web.session.SessionManagementFilter@3a9218a6, org.springframework.security.web.access.ExceptionTranslationFilter@67b4ce7a, org.springframework.security.web.access.intercept.FilterSecurityInterceptor@3ae38843]
2021-09-17 01:43:31.599 INFO  o.s.b.d.autoconfigure.OptionalLiveReloadServer - LiveReload server is running on port 35729
2021-09-17 01:43:31.636 INFO  org.apache.coyote.http11.Http11NioProtocol - Starting ProtocolHandler ["http-nio-8888"]
2021-09-17 01:43:31.673 INFO  o.s.boot.web.embedded.tomcat.TomcatWebServer - Tomcat started on port(s): 8888 (http) with context path ''
2021-09-17 01:43:31.697 INFO  com.xtw.bridge.BridgeonzhoudaiApplication - Started BridgeonzhoudaiApplication in 5.643 seconds (JVM running for 6.57)
2021-09-17 01:43:31.886 INFO  o.a.c.core.ContainerBase.[Tomcat].[localhost].[/] - Initializing Spring DispatcherServlet 'dispatcherServlet'
2021-09-17 01:43:31.886 INFO  org.springframework.web.servlet.DispatcherServlet - Initializing Servlet 'dispatcherServlet'
2021-09-17 01:43:31.888 INFO  org.springframework.web.servlet.DispatcherServlet - Completed initialization in 2 ms
2021-09-17 01:46:19.453 INFO  org.hibernate.validator.internal.util.Version - HV000001: Hibernate Validator 5.2.4.Final
2021-09-17 01:46:19.498 INFO  com.xtw.bridge.BridgeonzhoudaiApplication - Starting BridgeonzhoudaiApplication using Java 1.8.0_261 on DESKTOP-CJ6RO9E with PID 4640 (D:\software\IDEAAllProj\Spring\bridge_zhoudai\target\classes started by admin in D:\software\IDEAAllProj\collect_zhoudai)
2021-09-17 01:46:19.499 INFO  com.xtw.bridge.BridgeonzhoudaiApplication - The following profiles are active: dev
2021-09-17 01:46:19.692 INFO  o.s.b.d.env.DevToolsPropertyDefaultsPostProcessor - Devtools property defaults active! Set 'spring.devtools.add-properties' to 'false' to disable
2021-09-17 01:46:19.693 INFO  o.s.b.d.env.DevToolsPropertyDefaultsPostProcessor - For additional web related logging consider setting the 'logging.level.web' property to 'DEBUG'
2021-09-17 01:46:21.929 INFO  o.s.boot.web.embedded.tomcat.TomcatWebServer - Tomcat initialized with port(s): 8888 (http)
2021-09-17 01:46:21.947 INFO  org.apache.coyote.http11.Http11NioProtocol - Initializing ProtocolHandler ["http-nio-8888"]
2021-09-17 01:46:21.948 INFO  org.apache.catalina.core.StandardService - Starting service [Tomcat]
2021-09-17 01:46:21.949 INFO  org.apache.catalina.core.StandardEngine - Starting Servlet engine: [Apache Tomcat/9.0.46]
2021-09-17 01:46:22.088 INFO  o.a.c.core.ContainerBase.[Tomcat].[localhost].[/] - Initializing Spring embedded WebApplicationContext
2021-09-17 01:46:22.089 INFO  o.s.b.w.s.c.ServletWebServerApplicationContext - Root WebApplicationContext: initialization completed in 2395 ms
2021-09-17 01:46:25.112 INFO  com.zaxxer.hikari.HikariDataSource - HikariPool-1 - Starting...
2021-09-17 01:46:25.472 INFO  com.zaxxer.hikari.HikariDataSource - HikariPool-1 - Start completed.
2021-09-17 01:46:25.771 INFO  o.s.security.web.DefaultSecurityFilterChain - Will secure any request with [org.springframework.security.web.context.request.async.WebAsyncManagerIntegrationFilter@6d141c95, org.springframework.security.web.context.SecurityContextPersistenceFilter@315b410c, org.springframework.security.web.header.HeaderWriterFilter@7af9336, org.springframework.web.filter.CorsFilter@fc47ef, org.springframework.security.web.authentication.logout.LogoutFilter@2ca21797, com.xtw.bridge.filter.JwtAuthenticationTokenFilter@30c39a9f, org.springframework.security.web.savedrequest.RequestCacheAwareFilter@46e01c87, org.springframework.security.web.servletapi.SecurityContextHolderAwareRequestFilter@2176e22f, org.springframework.security.web.authentication.rememberme.RememberMeAuthenticationFilter@9412a1d, org.springframework.security.web.authentication.AnonymousAuthenticationFilter@3163cbad, org.springframework.security.web.session.SessionManagementFilter@65ae97ee, org.springframework.security.web.access.ExceptionTranslationFilter@72b869bb, org.springframework.security.web.access.intercept.FilterSecurityInterceptor@d09b52d]
2021-09-17 01:46:25.859 INFO  o.s.b.d.autoconfigure.OptionalLiveReloadServer - LiveReload server is running on port 35729
2021-09-17 01:46:25.887 INFO  org.apache.coyote.http11.Http11NioProtocol - Starting ProtocolHandler ["http-nio-8888"]
2021-09-17 01:46:25.916 INFO  o.s.boot.web.embedded.tomcat.TomcatWebServer - Tomcat started on port(s): 8888 (http) with context path ''
2021-09-17 01:46:25.938 INFO  com.xtw.bridge.BridgeonzhoudaiApplication - Started BridgeonzhoudaiApplication in 7.253 seconds (JVM running for 8.107)
2021-09-17 01:46:26.169 INFO  o.a.c.core.ContainerBase.[Tomcat].[localhost].[/] - Initializing Spring DispatcherServlet 'dispatcherServlet'
2021-09-17 01:46:26.169 INFO  org.springframework.web.servlet.DispatcherServlet - Initializing Servlet 'dispatcherServlet'
2021-09-17 01:46:26.170 INFO  org.springframework.web.servlet.DispatcherServlet - Completed initialization in 1 ms
