2021-09-12 23:27:59.556 INFO  org.hibernate.validator.internal.util.Version - HV000001: Hibernate Validator 5.2.4.Final
2021-09-12 23:27:59.624 INFO  com.xtw.bridge.BridgeonzhoudaiApplication - Starting BridgeonzhoudaiApplication using Java 1.8.0_261 on DESKTOP-CJ6RO9E with PID 10752 (D:\software\IDEAAllProj\Spring\bridge_zhoudai\target\classes started by admin in D:\software\IDEAAllProj\collect_zhoudai)
2021-09-12 23:27:59.628 INFO  com.xtw.bridge.BridgeonzhoudaiApplication - The following profiles are active: dev
2021-09-12 23:27:59.870 INFO  o.s.b.d.env.DevToolsPropertyDefaultsPostProcessor - Devtools property defaults active! Set 'spring.devtools.add-properties' to 'false' to disable
2021-09-12 23:27:59.871 INFO  o.s.b.d.env.DevToolsPropertyDefaultsPostProcessor - For additional web related logging consider setting the 'logging.level.web' property to 'DEBUG'
2021-09-12 23:28:07.232 INFO  o.s.boot.web.embedded.tomcat.TomcatWebServer - Tomcat initialized with port(s): 8888 (http)
2021-09-12 23:28:07.286 INFO  org.apache.coyote.http11.Http11NioProtocol - Initializing ProtocolHandler ["http-nio-8888"]
2021-09-12 23:28:07.288 INFO  org.apache.catalina.core.StandardService - Starting service [Tomcat]
2021-09-12 23:28:07.289 INFO  org.apache.catalina.core.StandardEngine - Starting Servlet engine: [Apache Tomcat/9.0.46]
2021-09-12 23:28:07.698 INFO  o.a.c.core.ContainerBase.[Tomcat].[localhost].[/] - Initializing Spring embedded WebApplicationContext
2021-09-12 23:28:07.700 INFO  o.s.b.w.s.c.ServletWebServerApplicationContext - Root WebApplicationContext: initialization completed in 7827 ms
2021-09-12 23:28:13.621 INFO  com.zaxxer.hikari.HikariDataSource - HikariPool-1 - Starting...
2021-09-12 23:28:14.277 INFO  com.zaxxer.hikari.HikariDataSource - HikariPool-1 - Start completed.
2021-09-12 23:28:14.998 INFO  o.s.security.web.DefaultSecurityFilterChain - Will secure any request with [org.springframework.security.web.context.request.async.WebAsyncManagerIntegrationFilter@538fc14, org.springframework.security.web.context.SecurityContextPersistenceFilter@3472db1b, org.springframework.security.web.header.HeaderWriterFilter@503ffe1c, org.springframework.web.filter.CorsFilter@65fc9bc9, org.springframework.security.web.authentication.logout.LogoutFilter@64955cdc, com.xtw.bridge.filter.JwtAuthenticationTokenFilter@1090db6c, org.springframework.security.web.savedrequest.RequestCacheAwareFilter@5206c997, org.springframework.security.web.servletapi.SecurityContextHolderAwareRequestFilter@11f9dfa6, org.springframework.security.web.authentication.rememberme.RememberMeAuthenticationFilter@41aa02d5, org.springframework.security.web.authentication.AnonymousAuthenticationFilter@7e4d067d, org.springframework.security.web.session.SessionManagementFilter@2de48f10, org.springframework.security.web.access.ExceptionTranslationFilter@5aee63ed, org.springframework.security.web.access.intercept.FilterSecurityInterceptor@6b3452e3]
2021-09-12 23:28:15.189 INFO  o.s.b.d.autoconfigure.OptionalLiveReloadServer - LiveReload server is running on port 35729
2021-09-12 23:28:15.254 INFO  org.apache.coyote.http11.Http11NioProtocol - Starting ProtocolHandler ["http-nio-8888"]
2021-09-12 23:28:15.335 INFO  o.s.boot.web.embedded.tomcat.TomcatWebServer - Tomcat started on port(s): 8888 (http) with context path ''
2021-09-12 23:28:15.374 INFO  com.xtw.bridge.BridgeonzhoudaiApplication - Started BridgeonzhoudaiApplication in 18.273 seconds (JVM running for 21.157)
2021-09-12 23:28:31.462 INFO  o.a.c.core.ContainerBase.[Tomcat].[localhost].[/] - Initializing Spring DispatcherServlet 'dispatcherServlet'
2021-09-12 23:28:31.466 INFO  org.springframework.web.servlet.DispatcherServlet - Initializing Servlet 'dispatcherServlet'
2021-09-12 23:28:31.470 INFO  org.springframework.web.servlet.DispatcherServlet - Completed initialization in 3 ms
2021-09-12 23:31:10.966 INFO  com.xtw.bridge.BridgeonzhoudaiApplication - Starting BridgeonzhoudaiApplication using Java 1.8.0_261 on DESKTOP-CJ6RO9E with PID 11980 (D:\software\IDEAAllProj\Spring\bridge_zhoudai\target\classes started by admin in D:\software\IDEAAllProj\collect_zhoudai)
2021-09-12 23:31:10.964 INFO  org.hibernate.validator.internal.util.Version - HV000001: Hibernate Validator 5.2.4.Final
2021-09-12 23:31:10.975 INFO  com.xtw.bridge.BridgeonzhoudaiApplication - The following profiles are active: dev
2021-09-12 23:31:11.183 INFO  o.s.b.d.env.DevToolsPropertyDefaultsPostProcessor - Devtools property defaults active! Set 'spring.devtools.add-properties' to 'false' to disable
2021-09-12 23:31:11.183 INFO  o.s.b.d.env.DevToolsPropertyDefaultsPostProcessor - For additional web related logging consider setting the 'logging.level.web' property to 'DEBUG'
2021-09-12 23:31:16.285 INFO  o.s.boot.web.embedded.tomcat.TomcatWebServer - Tomcat initialized with port(s): 8888 (http)
2021-09-12 23:31:16.315 INFO  org.apache.coyote.http11.Http11NioProtocol - Initializing ProtocolHandler ["http-nio-8888"]
2021-09-12 23:31:16.316 INFO  org.apache.catalina.core.StandardService - Starting service [Tomcat]
2021-09-12 23:31:16.317 INFO  org.apache.catalina.core.StandardEngine - Starting Servlet engine: [Apache Tomcat/9.0.46]
2021-09-12 23:31:16.648 INFO  o.a.c.core.ContainerBase.[Tomcat].[localhost].[/] - Initializing Spring embedded WebApplicationContext
2021-09-12 23:31:16.650 INFO  o.s.b.w.s.c.ServletWebServerApplicationContext - Root WebApplicationContext: initialization completed in 5464 ms
2021-09-12 23:31:22.226 INFO  com.zaxxer.hikari.HikariDataSource - HikariPool-1 - Starting...
2021-09-12 23:31:22.712 INFO  com.zaxxer.hikari.HikariDataSource - HikariPool-1 - Start completed.
2021-09-12 23:31:23.228 INFO  o.s.security.web.DefaultSecurityFilterChain - Will secure any request with [org.springframework.security.web.context.request.async.WebAsyncManagerIntegrationFilter@4f5e8a93, org.springframework.security.web.context.SecurityContextPersistenceFilter@69f1abe9, org.springframework.security.web.header.HeaderWriterFilter@a100b66, org.springframework.web.filter.CorsFilter@cd1a6af, org.springframework.security.web.authentication.logout.LogoutFilter@3cd12dd4, com.xtw.bridge.filter.JwtAuthenticationTokenFilter@e4ef98a, org.springframework.security.web.savedrequest.RequestCacheAwareFilter@3cb346e, org.springframework.security.web.servletapi.SecurityContextHolderAwareRequestFilter@582f3435, org.springframework.security.web.authentication.rememberme.RememberMeAuthenticationFilter@55682c4, org.springframework.security.web.authentication.AnonymousAuthenticationFilter@6d5e780a, org.springframework.security.web.session.SessionManagementFilter@57d37f87, org.springframework.security.web.access.ExceptionTranslationFilter@52ff341, org.springframework.security.web.access.intercept.FilterSecurityInterceptor@79b756c4]
2021-09-12 23:31:23.383 INFO  o.s.b.d.autoconfigure.OptionalLiveReloadServer - LiveReload server is running on port 35729
2021-09-12 23:31:23.446 INFO  org.apache.coyote.http11.Http11NioProtocol - Starting ProtocolHandler ["http-nio-8888"]
2021-09-12 23:31:23.501 INFO  o.s.boot.web.embedded.tomcat.TomcatWebServer - Tomcat started on port(s): 8888 (http) with context path ''
2021-09-12 23:31:23.535 INFO  com.xtw.bridge.BridgeonzhoudaiApplication - Started BridgeonzhoudaiApplication in 14.167 seconds (JVM running for 16.152)
2021-09-12 23:31:27.853 INFO  o.a.c.core.ContainerBase.[Tomcat].[localhost].[/] - Initializing Spring DispatcherServlet 'dispatcherServlet'
2021-09-12 23:31:27.855 INFO  org.springframework.web.servlet.DispatcherServlet - Initializing Servlet 'dispatcherServlet'
2021-09-12 23:31:27.861 INFO  org.springframework.web.servlet.DispatcherServlet - Completed initialization in 4 ms
2021-09-12 23:33:06.676 INFO  org.hibernate.validator.internal.util.Version - HV000001: Hibernate Validator 5.2.4.Final
2021-09-12 23:33:06.689 INFO  com.xtw.bridge.BridgeonzhoudaiApplication - Starting BridgeonzhoudaiApplication using Java 1.8.0_261 on DESKTOP-CJ6RO9E with PID 9008 (D:\software\IDEAAllProj\Spring\bridge_zhoudai\target\classes started by admin in D:\software\IDEAAllProj\collect_zhoudai)
2021-09-12 23:33:06.691 INFO  com.xtw.bridge.BridgeonzhoudaiApplication - The following profiles are active: dev
2021-09-12 23:33:06.933 INFO  o.s.b.d.env.DevToolsPropertyDefaultsPostProcessor - Devtools property defaults active! Set 'spring.devtools.add-properties' to 'false' to disable
2021-09-12 23:33:06.935 INFO  o.s.b.d.env.DevToolsPropertyDefaultsPostProcessor - For additional web related logging consider setting the 'logging.level.web' property to 'DEBUG'
2021-09-12 23:33:12.042 INFO  o.s.boot.web.embedded.tomcat.TomcatWebServer - Tomcat initialized with port(s): 8888 (http)
2021-09-12 23:33:12.080 INFO  org.apache.coyote.http11.Http11NioProtocol - Initializing ProtocolHandler ["http-nio-8888"]
2021-09-12 23:33:12.082 INFO  org.apache.catalina.core.StandardService - Starting service [Tomcat]
2021-09-12 23:33:12.083 INFO  org.apache.catalina.core.StandardEngine - Starting Servlet engine: [Apache Tomcat/9.0.46]
2021-09-12 23:33:12.385 INFO  o.a.c.core.ContainerBase.[Tomcat].[localhost].[/] - Initializing Spring embedded WebApplicationContext
2021-09-12 23:33:12.386 INFO  o.s.b.w.s.c.ServletWebServerApplicationContext - Root WebApplicationContext: initialization completed in 5445 ms
2021-09-12 23:33:17.157 INFO  com.zaxxer.hikari.HikariDataSource - HikariPool-1 - Starting...
2021-09-12 23:33:17.581 INFO  com.zaxxer.hikari.HikariDataSource - HikariPool-1 - Start completed.
2021-09-12 23:33:18.022 INFO  o.s.security.web.DefaultSecurityFilterChain - Will secure any request with [org.springframework.security.web.context.request.async.WebAsyncManagerIntegrationFilter@3f9e668a, org.springframework.security.web.context.SecurityContextPersistenceFilter@7e7e7f6e, org.springframework.security.web.header.HeaderWriterFilter@5a2de9b2, org.springframework.web.filter.CorsFilter@76ca918a, org.springframework.security.web.authentication.logout.LogoutFilter@3fe8fcaa, com.xtw.bridge.filter.JwtAuthenticationTokenFilter@72b6bd34, org.springframework.security.web.savedrequest.RequestCacheAwareFilter@220a70e4, org.springframework.security.web.servletapi.SecurityContextHolderAwareRequestFilter@15e31450, org.springframework.security.web.authentication.rememberme.RememberMeAuthenticationFilter@61287677, org.springframework.security.web.authentication.AnonymousAuthenticationFilter@6f114d9a, org.springframework.security.web.session.SessionManagementFilter@ef98654, org.springframework.security.web.access.ExceptionTranslationFilter@6433a277, org.springframework.security.web.access.intercept.FilterSecurityInterceptor@3c0c0bc5]
2021-09-12 23:33:18.146 INFO  o.s.b.d.autoconfigure.OptionalLiveReloadServer - LiveReload server is running on port 35729
2021-09-12 23:33:18.182 INFO  org.apache.coyote.http11.Http11NioProtocol - Starting ProtocolHandler ["http-nio-8888"]
2021-09-12 23:33:18.232 INFO  o.s.boot.web.embedded.tomcat.TomcatWebServer - Tomcat started on port(s): 8888 (http) with context path ''
2021-09-12 23:33:18.263 INFO  com.xtw.bridge.BridgeonzhoudaiApplication - Started BridgeonzhoudaiApplication in 13.654 seconds (JVM running for 16.264)
2021-09-12 23:33:22.894 INFO  o.a.c.core.ContainerBase.[Tomcat].[localhost].[/] - Initializing Spring DispatcherServlet 'dispatcherServlet'
2021-09-12 23:33:22.895 INFO  org.springframework.web.servlet.DispatcherServlet - Initializing Servlet 'dispatcherServlet'
2021-09-12 23:33:22.902 INFO  org.springframework.web.servlet.DispatcherServlet - Completed initialization in 7 ms
2021-09-12 23:34:23.132 INFO  org.hibernate.validator.internal.util.Version - HV000001: Hibernate Validator 5.2.4.Final
2021-09-12 23:34:23.199 INFO  com.xtw.bridge.BridgeonzhoudaiApplication - Starting BridgeonzhoudaiApplication using Java 1.8.0_261 on DESKTOP-CJ6RO9E with PID 11568 (D:\software\IDEAAllProj\Spring\bridge_zhoudai\target\classes started by admin in D:\software\IDEAAllProj\collect_zhoudai)
2021-09-12 23:34:23.201 INFO  com.xtw.bridge.BridgeonzhoudaiApplication - The following profiles are active: dev
2021-09-12 23:34:23.367 INFO  o.s.b.d.env.DevToolsPropertyDefaultsPostProcessor - Devtools property defaults active! Set 'spring.devtools.add-properties' to 'false' to disable
2021-09-12 23:34:23.368 INFO  o.s.b.d.env.DevToolsPropertyDefaultsPostProcessor - For additional web related logging consider setting the 'logging.level.web' property to 'DEBUG'
2021-09-12 23:34:26.932 INFO  o.s.boot.web.embedded.tomcat.TomcatWebServer - Tomcat initialized with port(s): 8888 (http)
2021-09-12 23:34:26.959 INFO  org.apache.coyote.http11.Http11NioProtocol - Initializing ProtocolHandler ["http-nio-8888"]
2021-09-12 23:34:26.960 INFO  org.apache.catalina.core.StandardService - Starting service [Tomcat]
2021-09-12 23:34:26.960 INFO  org.apache.catalina.core.StandardEngine - Starting Servlet engine: [Apache Tomcat/9.0.46]
2021-09-12 23:34:27.203 INFO  o.a.c.core.ContainerBase.[Tomcat].[localhost].[/] - Initializing Spring embedded WebApplicationContext
2021-09-12 23:34:27.204 INFO  o.s.b.w.s.c.ServletWebServerApplicationContext - Root WebApplicationContext: initialization completed in 3834 ms
2021-09-12 23:34:30.899 INFO  com.zaxxer.hikari.HikariDataSource - HikariPool-1 - Starting...
2021-09-12 23:34:31.229 INFO  com.zaxxer.hikari.HikariDataSource - HikariPool-1 - Start completed.
2021-09-12 23:34:31.529 INFO  o.s.security.web.DefaultSecurityFilterChain - Will secure any request with [org.springframework.security.web.context.request.async.WebAsyncManagerIntegrationFilter@5bd6bfab, org.springframework.security.web.context.SecurityContextPersistenceFilter@45e1985b, org.springframework.security.web.header.HeaderWriterFilter@4d39dc65, org.springframework.web.filter.CorsFilter@35c15116, org.springframework.security.web.authentication.logout.LogoutFilter@229fbd05, com.xtw.bridge.filter.JwtAuthenticationTokenFilter@3e438126, org.springframework.security.web.savedrequest.RequestCacheAwareFilter@19862621, org.springframework.security.web.servletapi.SecurityContextHolderAwareRequestFilter@39e8053f, org.springframework.security.web.authentication.rememberme.RememberMeAuthenticationFilter@666eef47, org.springframework.security.web.authentication.AnonymousAuthenticationFilter@710d453, org.springframework.security.web.session.SessionManagementFilter@5081e602, org.springframework.security.web.access.ExceptionTranslationFilter@501ef53b, org.springframework.security.web.access.intercept.FilterSecurityInterceptor@3d686262]
2021-09-12 23:34:31.635 INFO  o.s.b.d.autoconfigure.OptionalLiveReloadServer - LiveReload server is running on port 35729
2021-09-12 23:34:31.672 INFO  org.apache.coyote.http11.Http11NioProtocol - Starting ProtocolHandler ["http-nio-8888"]
2021-09-12 23:34:31.712 INFO  o.s.boot.web.embedded.tomcat.TomcatWebServer - Tomcat started on port(s): 8888 (http) with context path ''
2021-09-12 23:34:31.739 INFO  com.xtw.bridge.BridgeonzhoudaiApplication - Started BridgeonzhoudaiApplication in 9.805 seconds (JVM running for 11.035)
2021-09-12 23:34:38.202 INFO  o.a.c.core.ContainerBase.[Tomcat].[localhost].[/] - Initializing Spring DispatcherServlet 'dispatcherServlet'
2021-09-12 23:34:38.202 INFO  org.springframework.web.servlet.DispatcherServlet - Initializing Servlet 'dispatcherServlet'
2021-09-12 23:34:38.204 INFO  org.springframework.web.servlet.DispatcherServlet - Completed initialization in 2 ms
2021-09-12 23:34:55.391 INFO  org.hibernate.validator.internal.util.Version - HV000001: Hibernate Validator 5.2.4.Final
2021-09-12 23:34:55.397 INFO  com.xtw.bridge.BridgeonzhoudaiApplication - Starting BridgeonzhoudaiApplication using Java 1.8.0_261 on DESKTOP-CJ6RO9E with PID 4996 (D:\software\IDEAAllProj\Spring\bridge_zhoudai\target\classes started by admin in D:\software\IDEAAllProj\collect_zhoudai)
2021-09-12 23:34:55.402 INFO  com.xtw.bridge.BridgeonzhoudaiApplication - The following profiles are active: dev
2021-09-12 23:34:55.597 INFO  o.s.b.d.env.DevToolsPropertyDefaultsPostProcessor - Devtools property defaults active! Set 'spring.devtools.add-properties' to 'false' to disable
2021-09-12 23:34:55.598 INFO  o.s.b.d.env.DevToolsPropertyDefaultsPostProcessor - For additional web related logging consider setting the 'logging.level.web' property to 'DEBUG'
2021-09-12 23:34:59.156 INFO  o.s.boot.web.embedded.tomcat.TomcatWebServer - Tomcat initialized with port(s): 8888 (http)
2021-09-12 23:34:59.182 INFO  org.apache.coyote.http11.Http11NioProtocol - Initializing ProtocolHandler ["http-nio-8888"]
2021-09-12 23:34:59.183 INFO  org.apache.catalina.core.StandardService - Starting service [Tomcat]
2021-09-12 23:34:59.184 INFO  org.apache.catalina.core.StandardEngine - Starting Servlet engine: [Apache Tomcat/9.0.46]
2021-09-12 23:34:59.378 INFO  o.a.c.core.ContainerBase.[Tomcat].[localhost].[/] - Initializing Spring embedded WebApplicationContext
2021-09-12 23:34:59.378 INFO  o.s.b.w.s.c.ServletWebServerApplicationContext - Root WebApplicationContext: initialization completed in 3779 ms
2021-09-12 23:35:02.589 INFO  com.zaxxer.hikari.HikariDataSource - HikariPool-1 - Starting...
2021-09-12 23:35:02.893 INFO  com.zaxxer.hikari.HikariDataSource - HikariPool-1 - Start completed.
2021-09-12 23:35:03.188 INFO  o.s.security.web.DefaultSecurityFilterChain - Will secure any request with [org.springframework.security.web.context.request.async.WebAsyncManagerIntegrationFilter@15becf91, org.springframework.security.web.context.SecurityContextPersistenceFilter@13ae970a, org.springframework.security.web.header.HeaderWriterFilter@41d9aded, org.springframework.web.filter.CorsFilter@16968fff, org.springframework.security.web.authentication.logout.LogoutFilter@26388130, com.xtw.bridge.filter.JwtAuthenticationTokenFilter@28f5b844, org.springframework.security.web.savedrequest.RequestCacheAwareFilter@5210a89a, org.springframework.security.web.servletapi.SecurityContextHolderAwareRequestFilter@34aadf14, org.springframework.security.web.authentication.rememberme.RememberMeAuthenticationFilter@5499e2c7, org.springframework.security.web.authentication.AnonymousAuthenticationFilter@631c7564, org.springframework.security.web.session.SessionManagementFilter@22b1eb41, org.springframework.security.web.access.ExceptionTranslationFilter@51b7bf2a, org.springframework.security.web.access.intercept.FilterSecurityInterceptor@baa627a]
2021-09-12 23:35:03.292 INFO  o.s.b.d.autoconfigure.OptionalLiveReloadServer - LiveReload server is running on port 35729
2021-09-12 23:35:03.325 INFO  org.apache.coyote.http11.Http11NioProtocol - Starting ProtocolHandler ["http-nio-8888"]
2021-09-12 23:35:03.358 INFO  o.s.boot.web.embedded.tomcat.TomcatWebServer - Tomcat started on port(s): 8888 (http) with context path ''
2021-09-12 23:35:03.385 INFO  com.xtw.bridge.BridgeonzhoudaiApplication - Started BridgeonzhoudaiApplication in 9.316 seconds (JVM running for 10.709)
2021-09-12 23:35:09.741 INFO  o.a.c.core.ContainerBase.[Tomcat].[localhost].[/] - Initializing Spring DispatcherServlet 'dispatcherServlet'
2021-09-12 23:35:09.742 INFO  org.springframework.web.servlet.DispatcherServlet - Initializing Servlet 'dispatcherServlet'
2021-09-12 23:35:09.749 INFO  org.springframework.web.servlet.DispatcherServlet - Completed initialization in 7 ms
2021-09-12 23:52:44.835 INFO  org.hibernate.validator.internal.util.Version - HV000001: Hibernate Validator 5.2.4.Final
2021-09-12 23:52:44.884 INFO  com.xtw.bridge.BridgeonzhoudaiApplication - Starting BridgeonzhoudaiApplication using Java 1.8.0_261 on DESKTOP-CJ6RO9E with PID 11756 (D:\software\IDEAAllProj\Spring\bridge_zhoudai\target\classes started by admin in D:\software\IDEAAllProj\collect_zhoudai)
2021-09-12 23:52:44.886 INFO  com.xtw.bridge.BridgeonzhoudaiApplication - The following profiles are active: dev
2021-09-12 23:52:45.064 INFO  o.s.b.d.env.DevToolsPropertyDefaultsPostProcessor - Devtools property defaults active! Set 'spring.devtools.add-properties' to 'false' to disable
2021-09-12 23:52:45.065 INFO  o.s.b.d.env.DevToolsPropertyDefaultsPostProcessor - For additional web related logging consider setting the 'logging.level.web' property to 'DEBUG'
2021-09-12 23:52:50.325 INFO  o.s.boot.web.embedded.tomcat.TomcatWebServer - Tomcat initialized with port(s): 8888 (http)
2021-09-12 23:52:50.360 INFO  org.apache.coyote.http11.Http11NioProtocol - Initializing ProtocolHandler ["http-nio-8888"]
2021-09-12 23:52:50.362 INFO  org.apache.catalina.core.StandardService - Starting service [Tomcat]
2021-09-12 23:52:50.363 INFO  org.apache.catalina.core.StandardEngine - Starting Servlet engine: [Apache Tomcat/9.0.46]
2021-09-12 23:52:50.681 INFO  o.a.c.core.ContainerBase.[Tomcat].[localhost].[/] - Initializing Spring embedded WebApplicationContext
2021-09-12 23:52:50.681 INFO  o.s.b.w.s.c.ServletWebServerApplicationContext - Root WebApplicationContext: initialization completed in 5615 ms
2021-09-12 23:52:55.260 INFO  com.zaxxer.hikari.HikariDataSource - HikariPool-1 - Starting...
2021-09-12 23:53:27.000 INFO  org.hibernate.validator.internal.util.Version - HV000001: Hibernate Validator 5.2.4.Final
2021-09-12 23:53:27.016 INFO  com.xtw.bridge.BridgeonzhoudaiApplication - Starting BridgeonzhoudaiApplication using Java 1.8.0_261 on DESKTOP-CJ6RO9E with PID 6500 (D:\software\IDEAAllProj\Spring\bridge_zhoudai\target\classes started by admin in D:\software\IDEAAllProj\collect_zhoudai)
2021-09-12 23:53:27.017 INFO  com.xtw.bridge.BridgeonzhoudaiApplication - The following profiles are active: dev
2021-09-12 23:53:27.316 INFO  o.s.b.d.env.DevToolsPropertyDefaultsPostProcessor - Devtools property defaults active! Set 'spring.devtools.add-properties' to 'false' to disable
2021-09-12 23:53:27.318 INFO  o.s.b.d.env.DevToolsPropertyDefaultsPostProcessor - For additional web related logging consider setting the 'logging.level.web' property to 'DEBUG'
2021-09-12 23:53:34.228 INFO  o.s.boot.web.embedded.tomcat.TomcatWebServer - Tomcat initialized with port(s): 8888 (http)
2021-09-12 23:53:34.267 INFO  org.apache.coyote.http11.Http11NioProtocol - Initializing ProtocolHandler ["http-nio-8888"]
2021-09-12 23:53:34.269 INFO  org.apache.catalina.core.StandardService - Starting service [Tomcat]
2021-09-12 23:53:34.270 INFO  org.apache.catalina.core.StandardEngine - Starting Servlet engine: [Apache Tomcat/9.0.46]
2021-09-12 23:53:34.668 INFO  o.a.c.core.ContainerBase.[Tomcat].[localhost].[/] - Initializing Spring embedded WebApplicationContext
2021-09-12 23:53:34.669 INFO  o.s.b.w.s.c.ServletWebServerApplicationContext - Root WebApplicationContext: initialization completed in 7347 ms
2021-09-12 23:53:40.476 INFO  com.zaxxer.hikari.HikariDataSource - HikariPool-1 - Starting...
2021-09-12 23:53:40.914 INFO  com.zaxxer.hikari.HikariDataSource - HikariPool-1 - Start completed.
2021-09-12 23:53:41.403 INFO  o.s.security.web.DefaultSecurityFilterChain - Will secure any request with [org.springframework.security.web.context.request.async.WebAsyncManagerIntegrationFilter@619b6138, org.springframework.security.web.context.SecurityContextPersistenceFilter@285adb8a, org.springframework.security.web.header.HeaderWriterFilter@51dfb283, org.springframework.web.filter.CorsFilter@43e76a77, org.springframework.security.web.authentication.logout.LogoutFilter@6d620a14, com.xtw.bridge.filter.JwtAuthenticationTokenFilter@35943b14, org.springframework.security.web.savedrequest.RequestCacheAwareFilter@407d2606, org.springframework.security.web.servletapi.SecurityContextHolderAwareRequestFilter@2bdfee7, org.springframework.security.web.authentication.rememberme.RememberMeAuthenticationFilter@51bc0fc0, org.springframework.security.web.authentication.AnonymousAuthenticationFilter@1c8085b2, org.springframework.security.web.session.SessionManagementFilter@42a58dd3, org.springframework.security.web.access.ExceptionTranslationFilter@2ab5ca57, org.springframework.security.web.access.intercept.FilterSecurityInterceptor@3385f385]
2021-09-12 23:53:41.540 INFO  o.s.b.d.autoconfigure.OptionalLiveReloadServer - LiveReload server is running on port 35729
2021-09-12 23:53:41.599 INFO  org.apache.coyote.http11.Http11NioProtocol - Starting ProtocolHandler ["http-nio-8888"]
2021-09-12 23:53:41.653 INFO  o.s.boot.web.embedded.tomcat.TomcatWebServer - Tomcat started on port(s): 8888 (http) with context path ''
2021-09-12 23:53:41.683 INFO  com.xtw.bridge.BridgeonzhoudaiApplication - Started BridgeonzhoudaiApplication in 16.524 seconds (JVM running for 18.081)
2021-09-12 23:53:46.578 INFO  o.a.c.core.ContainerBase.[Tomcat].[localhost].[/] - Initializing Spring DispatcherServlet 'dispatcherServlet'
2021-09-12 23:53:46.578 INFO  org.springframework.web.servlet.DispatcherServlet - Initializing Servlet 'dispatcherServlet'
2021-09-12 23:53:46.581 INFO  org.springframework.web.servlet.DispatcherServlet - Completed initialization in 2 ms
2021-09-12 23:55:49.602 INFO  org.hibernate.validator.internal.util.Version - HV000001: Hibernate Validator 5.2.4.Final
2021-09-12 23:55:49.622 INFO  com.xtw.bridge.BridgeonzhoudaiApplication - Starting BridgeonzhoudaiApplication using Java 1.8.0_261 on DESKTOP-CJ6RO9E with PID 10032 (D:\software\IDEAAllProj\Spring\bridge_zhoudai\target\classes started by admin in D:\software\IDEAAllProj\collect_zhoudai)
2021-09-12 23:55:49.624 INFO  com.xtw.bridge.BridgeonzhoudaiApplication - The following profiles are active: dev
2021-09-12 23:55:49.858 INFO  o.s.b.d.env.DevToolsPropertyDefaultsPostProcessor - Devtools property defaults active! Set 'spring.devtools.add-properties' to 'false' to disable
2021-09-12 23:55:49.859 INFO  o.s.b.d.env.DevToolsPropertyDefaultsPostProcessor - For additional web related logging consider setting the 'logging.level.web' property to 'DEBUG'
2021-09-12 23:55:54.996 INFO  o.s.boot.web.embedded.tomcat.TomcatWebServer - Tomcat initialized with port(s): 8888 (http)
2021-09-12 23:55:55.035 INFO  org.apache.coyote.http11.Http11NioProtocol - Initializing ProtocolHandler ["http-nio-8888"]
2021-09-12 23:55:55.036 INFO  org.apache.catalina.core.StandardService - Starting service [Tomcat]
2021-09-12 23:55:55.037 INFO  org.apache.catalina.core.StandardEngine - Starting Servlet engine: [Apache Tomcat/9.0.46]
2021-09-12 23:55:55.344 INFO  o.a.c.core.ContainerBase.[Tomcat].[localhost].[/] - Initializing Spring embedded WebApplicationContext
2021-09-12 23:55:55.344 INFO  o.s.b.w.s.c.ServletWebServerApplicationContext - Root WebApplicationContext: initialization completed in 5484 ms
2021-09-12 23:55:59.557 INFO  com.zaxxer.hikari.HikariDataSource - HikariPool-1 - Starting...
2021-09-12 23:55:59.918 INFO  com.zaxxer.hikari.HikariDataSource - HikariPool-1 - Start completed.
2021-09-12 23:56:00.288 INFO  o.s.security.web.DefaultSecurityFilterChain - Will secure any request with [org.springframework.security.web.context.request.async.WebAsyncManagerIntegrationFilter@4e210aff, org.springframework.security.web.context.SecurityContextPersistenceFilter@2bdfee7, org.springframework.security.web.header.HeaderWriterFilter@513d6c04, org.springframework.web.filter.CorsFilter@5d15562a, org.springframework.security.web.authentication.logout.LogoutFilter@7c9b5484, com.xtw.bridge.filter.JwtAuthenticationTokenFilter@67778dae, org.springframework.security.web.savedrequest.RequestCacheAwareFilter@3c2f3734, org.springframework.security.web.servletapi.SecurityContextHolderAwareRequestFilter@1657d602, org.springframework.security.web.authentication.rememberme.RememberMeAuthenticationFilter@722cdceb, org.springframework.security.web.authentication.AnonymousAuthenticationFilter@357a3197, org.springframework.security.web.session.SessionManagementFilter@42002de2, org.springframework.security.web.access.ExceptionTranslationFilter@49bce958, org.springframework.security.web.access.intercept.FilterSecurityInterceptor@1c8085b2]
2021-09-12 23:56:00.441 INFO  o.s.b.d.autoconfigure.OptionalLiveReloadServer - LiveReload server is running on port 35729
2021-09-12 23:56:00.502 INFO  org.apache.coyote.http11.Http11NioProtocol - Starting ProtocolHandler ["http-nio-8888"]
2021-09-12 23:56:00.568 INFO  o.s.boot.web.embedded.tomcat.TomcatWebServer - Tomcat started on port(s): 8888 (http) with context path ''
2021-09-12 23:56:00.601 INFO  com.xtw.bridge.BridgeonzhoudaiApplication - Started BridgeonzhoudaiApplication in 12.569 seconds (JVM running for 14.582)
2021-09-12 23:56:12.817 INFO  o.a.c.core.ContainerBase.[Tomcat].[localhost].[/] - Initializing Spring DispatcherServlet 'dispatcherServlet'
2021-09-12 23:56:12.818 INFO  org.springframework.web.servlet.DispatcherServlet - Initializing Servlet 'dispatcherServlet'
2021-09-12 23:56:12.824 INFO  org.springframework.web.servlet.DispatcherServlet - Completed initialization in 4 ms
2021-09-12 23:57:05.939 INFO  org.hibernate.validator.internal.util.Version - HV000001: Hibernate Validator 5.2.4.Final
2021-09-12 23:57:05.991 INFO  com.xtw.bridge.BridgeonzhoudaiApplication - Starting BridgeonzhoudaiApplication using Java 1.8.0_261 on DESKTOP-CJ6RO9E with PID 4716 (D:\software\IDEAAllProj\Spring\bridge_zhoudai\target\classes started by admin in D:\software\IDEAAllProj\collect_zhoudai)
2021-09-12 23:57:05.993 INFO  com.xtw.bridge.BridgeonzhoudaiApplication - The following profiles are active: dev
2021-09-12 23:57:06.248 INFO  o.s.b.d.env.DevToolsPropertyDefaultsPostProcessor - Devtools property defaults active! Set 'spring.devtools.add-properties' to 'false' to disable
2021-09-12 23:57:06.249 INFO  o.s.b.d.env.DevToolsPropertyDefaultsPostProcessor - For additional web related logging consider setting the 'logging.level.web' property to 'DEBUG'
2021-09-12 23:57:11.404 INFO  o.s.boot.web.embedded.tomcat.TomcatWebServer - Tomcat initialized with port(s): 8888 (http)
2021-09-12 23:57:11.460 INFO  org.apache.coyote.http11.Http11NioProtocol - Initializing ProtocolHandler ["http-nio-8888"]
2021-09-12 23:57:11.462 INFO  org.apache.catalina.core.StandardService - Starting service [Tomcat]
2021-09-12 23:57:11.463 INFO  org.apache.catalina.core.StandardEngine - Starting Servlet engine: [Apache Tomcat/9.0.46]
2021-09-12 23:57:11.754 INFO  o.a.c.core.ContainerBase.[Tomcat].[localhost].[/] - Initializing Spring embedded WebApplicationContext
2021-09-12 23:57:11.755 INFO  o.s.b.w.s.c.ServletWebServerApplicationContext - Root WebApplicationContext: initialization completed in 5503 ms
2021-09-12 23:57:16.977 INFO  com.zaxxer.hikari.HikariDataSource - HikariPool-1 - Starting...
2021-09-12 23:57:17.389 INFO  com.zaxxer.hikari.HikariDataSource - HikariPool-1 - Start completed.
2021-09-12 23:57:18.174 INFO  o.s.security.web.DefaultSecurityFilterChain - Will secure any request with [org.springframework.security.web.context.request.async.WebAsyncManagerIntegrationFilter@59798239, org.springframework.security.web.context.SecurityContextPersistenceFilter@2923b3ff, org.springframework.security.web.header.HeaderWriterFilter@2cfa0d74, org.springframework.web.filter.CorsFilter@59cf6360, org.springframework.security.web.authentication.logout.LogoutFilter@4263557b, com.xtw.bridge.filter.JwtAuthenticationTokenFilter@e9d9706, org.springframework.security.web.savedrequest.RequestCacheAwareFilter@266d2003, org.springframework.security.web.servletapi.SecurityContextHolderAwareRequestFilter@a3d7d82, org.springframework.security.web.authentication.rememberme.RememberMeAuthenticationFilter@5a09baa2, org.springframework.security.web.authentication.AnonymousAuthenticationFilter@5115e751, org.springframework.security.web.session.SessionManagementFilter@57757943, org.springframework.security.web.access.ExceptionTranslationFilter@26cfb4e0, org.springframework.security.web.access.intercept.FilterSecurityInterceptor@69f19754]
2021-09-12 23:57:18.411 INFO  o.s.b.d.autoconfigure.OptionalLiveReloadServer - LiveReload server is running on port 35729
2021-09-12 23:57:18.469 INFO  org.apache.coyote.http11.Http11NioProtocol - Starting ProtocolHandler ["http-nio-8888"]
2021-09-12 23:57:18.523 INFO  o.s.boot.web.embedded.tomcat.TomcatWebServer - Tomcat started on port(s): 8888 (http) with context path ''
2021-09-12 23:57:18.552 INFO  com.xtw.bridge.BridgeonzhoudaiApplication - Started BridgeonzhoudaiApplication in 14.591 seconds (JVM running for 16.832)
2021-09-12 23:57:22.840 INFO  o.a.c.core.ContainerBase.[Tomcat].[localhost].[/] - Initializing Spring DispatcherServlet 'dispatcherServlet'
2021-09-12 23:57:22.840 INFO  org.springframework.web.servlet.DispatcherServlet - Initializing Servlet 'dispatcherServlet'
2021-09-12 23:57:22.842 INFO  org.springframework.web.servlet.DispatcherServlet - Completed initialization in 2 ms
