2021-09-14 11:17:16.458 INFO  org.hibernate.validator.internal.util.Version - HV000001: Hibernate Validator 5.2.4.Final
2021-09-14 11:17:16.489 INFO  com.xtw.bridge.BridgeonzhoudaiApplication - Starting BridgeonzhoudaiApplication using Java 1.8.0_261 on DESKTOP-CJ6RO9E with PID 8184 (D:\software\IDEAAllProj\Spring\bridge_zhoudai\target\classes started by admin in D:\software\IDEAAllProj\collect_zhoudai)
2021-09-14 11:17:16.490 INFO  com.xtw.bridge.BridgeonzhoudaiApplication - The following profiles are active: dev
2021-09-14 11:17:16.856 INFO  o.s.b.d.env.DevToolsPropertyDefaultsPostProcessor - Devtools property defaults active! Set 'spring.devtools.add-properties' to 'false' to disable
2021-09-14 11:17:16.857 INFO  o.s.b.d.env.DevToolsPropertyDefaultsPostProcessor - For additional web related logging consider setting the 'logging.level.web' property to 'DEBUG'
2021-09-14 11:17:21.335 INFO  o.s.boot.web.embedded.tomcat.TomcatWebServer - Tomcat initialized with port(s): 8888 (http)
2021-09-14 11:17:21.366 INFO  org.apache.coyote.http11.Http11NioProtocol - Initializing ProtocolHandler ["http-nio-8888"]
2021-09-14 11:17:21.368 INFO  org.apache.catalina.core.StandardService - Starting service [Tomcat]
2021-09-14 11:17:21.368 INFO  org.apache.catalina.core.StandardEngine - Starting Servlet engine: [Apache Tomcat/9.0.46]
2021-09-14 11:17:21.787 INFO  o.a.c.core.ContainerBase.[Tomcat].[localhost].[/] - Initializing Spring embedded WebApplicationContext
2021-09-14 11:17:21.788 INFO  o.s.b.w.s.c.ServletWebServerApplicationContext - Root WebApplicationContext: initialization completed in 4921 ms
2021-09-14 11:17:26.665 INFO  com.zaxxer.hikari.HikariDataSource - HikariPool-1 - Starting...
2021-09-14 11:17:28.029 INFO  com.zaxxer.hikari.HikariDataSource - HikariPool-1 - Start completed.
2021-09-14 11:17:28.398 INFO  o.s.security.web.DefaultSecurityFilterChain - Will secure any request with [org.springframework.security.web.context.request.async.WebAsyncManagerIntegrationFilter@4d59e011, org.springframework.security.web.context.SecurityContextPersistenceFilter@73e7a319, org.springframework.security.web.header.HeaderWriterFilter@66f95f2, org.springframework.web.filter.CorsFilter@458014a7, org.springframework.security.web.authentication.logout.LogoutFilter@41ed31b3, com.xtw.bridge.filter.JwtAuthenticationTokenFilter@3e7f1a1e, org.springframework.security.web.savedrequest.RequestCacheAwareFilter@446df788, org.springframework.security.web.servletapi.SecurityContextHolderAwareRequestFilter@36407ce8, org.springframework.security.web.authentication.rememberme.RememberMeAuthenticationFilter@4d5cf1d0, org.springframework.security.web.authentication.AnonymousAuthenticationFilter@3e86bda9, org.springframework.security.web.session.SessionManagementFilter@603f1f46, org.springframework.security.web.access.ExceptionTranslationFilter@4a85068a, org.springframework.security.web.access.intercept.FilterSecurityInterceptor@528f651b]
2021-09-14 11:17:28.679 INFO  o.s.b.d.autoconfigure.OptionalLiveReloadServer - LiveReload server is running on port 35729
2021-09-14 11:17:28.780 INFO  org.apache.coyote.http11.Http11NioProtocol - Starting ProtocolHandler ["http-nio-8888"]
2021-09-14 11:17:28.840 INFO  o.s.boot.web.embedded.tomcat.TomcatWebServer - Tomcat started on port(s): 8888 (http) with context path ''
2021-09-14 11:17:28.878 INFO  com.xtw.bridge.BridgeonzhoudaiApplication - Started BridgeonzhoudaiApplication in 14.269 seconds (JVM running for 16.026)
2021-09-14 11:17:52.606 INFO  o.a.c.core.ContainerBase.[Tomcat].[localhost].[/] - Initializing Spring DispatcherServlet 'dispatcherServlet'
2021-09-14 11:17:52.607 INFO  org.springframework.web.servlet.DispatcherServlet - Initializing Servlet 'dispatcherServlet'
2021-09-14 11:17:52.614 INFO  org.springframework.web.servlet.DispatcherServlet - Completed initialization in 7 ms
2021-09-14 11:20:15.277 INFO  com.xtw.bridge.BridgeonzhoudaiApplication - Starting BridgeonzhoudaiApplication using Java 1.8.0_261 on DESKTOP-CJ6RO9E with PID 5412 (D:\software\IDEAAllProj\Spring\bridge_zhoudai\target\classes started by admin in D:\software\IDEAAllProj\collect_zhoudai)
2021-09-14 11:20:15.285 INFO  com.xtw.bridge.BridgeonzhoudaiApplication - The following profiles are active: dev
2021-09-14 11:20:15.302 INFO  org.hibernate.validator.internal.util.Version - HV000001: Hibernate Validator 5.2.4.Final
2021-09-14 11:20:15.467 INFO  o.s.b.d.env.DevToolsPropertyDefaultsPostProcessor - Devtools property defaults active! Set 'spring.devtools.add-properties' to 'false' to disable
2021-09-14 11:20:15.467 INFO  o.s.b.d.env.DevToolsPropertyDefaultsPostProcessor - For additional web related logging consider setting the 'logging.level.web' property to 'DEBUG'
2021-09-14 11:20:19.776 INFO  o.s.boot.web.embedded.tomcat.TomcatWebServer - Tomcat initialized with port(s): 8888 (http)
2021-09-14 11:20:19.808 INFO  org.apache.coyote.http11.Http11NioProtocol - Initializing ProtocolHandler ["http-nio-8888"]
2021-09-14 11:20:19.809 INFO  org.apache.catalina.core.StandardService - Starting service [Tomcat]
2021-09-14 11:20:19.810 INFO  org.apache.catalina.core.StandardEngine - Starting Servlet engine: [Apache Tomcat/9.0.46]
2021-09-14 11:20:20.048 INFO  o.a.c.core.ContainerBase.[Tomcat].[localhost].[/] - Initializing Spring embedded WebApplicationContext
2021-09-14 11:20:20.048 INFO  o.s.b.w.s.c.ServletWebServerApplicationContext - Root WebApplicationContext: initialization completed in 4580 ms
2021-09-14 11:20:24.743 INFO  com.zaxxer.hikari.HikariDataSource - HikariPool-1 - Starting...
2021-09-14 11:20:25.120 INFO  com.zaxxer.hikari.HikariDataSource - HikariPool-1 - Start completed.
2021-09-14 11:20:25.475 INFO  o.s.security.web.DefaultSecurityFilterChain - Will secure any request with [org.springframework.security.web.context.request.async.WebAsyncManagerIntegrationFilter@57b248f6, org.springframework.security.web.context.SecurityContextPersistenceFilter@5dc7f6d9, org.springframework.security.web.header.HeaderWriterFilter@6db3a3eb, org.springframework.web.filter.CorsFilter@61ae1ea3, org.springframework.security.web.authentication.logout.LogoutFilter@6efb7c2c, com.xtw.bridge.filter.JwtAuthenticationTokenFilter@16c7ae67, org.springframework.security.web.savedrequest.RequestCacheAwareFilter@2e1938b3, org.springframework.security.web.servletapi.SecurityContextHolderAwareRequestFilter@7dd82b04, org.springframework.security.web.authentication.rememberme.RememberMeAuthenticationFilter@1fbf42ad, org.springframework.security.web.authentication.AnonymousAuthenticationFilter@4af04e36, org.springframework.security.web.session.SessionManagementFilter@47a62025, org.springframework.security.web.access.ExceptionTranslationFilter@244ccf5e, org.springframework.security.web.access.intercept.FilterSecurityInterceptor@33194b7c]
2021-09-14 11:20:25.585 INFO  o.s.b.d.autoconfigure.OptionalLiveReloadServer - LiveReload server is running on port 35729
2021-09-14 11:20:25.650 INFO  org.apache.coyote.http11.Http11NioProtocol - Starting ProtocolHandler ["http-nio-8888"]
2021-09-14 11:20:25.707 INFO  o.s.boot.web.embedded.tomcat.TomcatWebServer - Tomcat started on port(s): 8888 (http) with context path ''
2021-09-14 11:20:25.739 INFO  com.xtw.bridge.BridgeonzhoudaiApplication - Started BridgeonzhoudaiApplication in 11.979 seconds (JVM running for 13.507)
2021-09-14 11:20:30.818 INFO  o.a.c.core.ContainerBase.[Tomcat].[localhost].[/] - Initializing Spring DispatcherServlet 'dispatcherServlet'
2021-09-14 11:20:30.819 INFO  org.springframework.web.servlet.DispatcherServlet - Initializing Servlet 'dispatcherServlet'
2021-09-14 11:20:30.821 INFO  org.springframework.web.servlet.DispatcherServlet - Completed initialization in 2 ms
2021-09-14 11:28:26.926 INFO  org.hibernate.validator.internal.util.Version - HV000001: Hibernate Validator 5.2.4.Final
2021-09-14 11:28:26.995 INFO  com.xtw.bridge.BridgeonzhoudaiApplication - Starting BridgeonzhoudaiApplication using Java 1.8.0_261 on DESKTOP-CJ6RO9E with PID 9512 (D:\software\IDEAAllProj\Spring\bridge_zhoudai\target\classes started by admin in D:\software\IDEAAllProj\collect_zhoudai)
2021-09-14 11:28:27.000 INFO  com.xtw.bridge.BridgeonzhoudaiApplication - The following profiles are active: dev
2021-09-14 11:28:27.240 INFO  o.s.b.d.env.DevToolsPropertyDefaultsPostProcessor - Devtools property defaults active! Set 'spring.devtools.add-properties' to 'false' to disable
2021-09-14 11:28:27.241 INFO  o.s.b.d.env.DevToolsPropertyDefaultsPostProcessor - For additional web related logging consider setting the 'logging.level.web' property to 'DEBUG'
2021-09-14 11:28:32.942 INFO  o.s.boot.web.embedded.tomcat.TomcatWebServer - Tomcat initialized with port(s): 8888 (http)
2021-09-14 11:28:32.980 INFO  org.apache.coyote.http11.Http11NioProtocol - Initializing ProtocolHandler ["http-nio-8888"]
2021-09-14 11:28:32.981 INFO  org.apache.catalina.core.StandardService - Starting service [Tomcat]
2021-09-14 11:28:32.982 INFO  org.apache.catalina.core.StandardEngine - Starting Servlet engine: [Apache Tomcat/9.0.46]
2021-09-14 11:28:33.292 INFO  o.a.c.core.ContainerBase.[Tomcat].[localhost].[/] - Initializing Spring embedded WebApplicationContext
2021-09-14 11:28:33.292 INFO  o.s.b.w.s.c.ServletWebServerApplicationContext - Root WebApplicationContext: initialization completed in 6050 ms
2021-09-14 11:28:37.201 INFO  com.zaxxer.hikari.HikariDataSource - HikariPool-1 - Starting...
2021-09-14 11:28:37.570 INFO  com.zaxxer.hikari.HikariDataSource - HikariPool-1 - Start completed.
2021-09-14 11:28:37.918 INFO  o.s.security.web.DefaultSecurityFilterChain - Will secure any request with [org.springframework.security.web.context.request.async.WebAsyncManagerIntegrationFilter@2b0c1872, org.springframework.security.web.context.SecurityContextPersistenceFilter@55235cf9, org.springframework.security.web.header.HeaderWriterFilter@29ea8a87, org.springframework.web.filter.CorsFilter@4f3c31b4, org.springframework.security.web.authentication.logout.LogoutFilter@69f1abe9, com.xtw.bridge.filter.JwtAuthenticationTokenFilter@cb8aff5, org.springframework.security.web.savedrequest.RequestCacheAwareFilter@526f69f1, org.springframework.security.web.servletapi.SecurityContextHolderAwareRequestFilter@23100735, org.springframework.security.web.authentication.rememberme.RememberMeAuthenticationFilter@29d184c, org.springframework.security.web.authentication.AnonymousAuthenticationFilter@9552140, org.springframework.security.web.session.SessionManagementFilter@521379d7, org.springframework.security.web.access.ExceptionTranslationFilter@74fb6a28, org.springframework.security.web.access.intercept.FilterSecurityInterceptor@7c3f43a4]
2021-09-14 11:28:38.044 INFO  o.s.b.d.autoconfigure.OptionalLiveReloadServer - LiveReload server is running on port 35729
2021-09-14 11:28:38.094 INFO  org.apache.coyote.http11.Http11NioProtocol - Starting ProtocolHandler ["http-nio-8888"]
2021-09-14 11:28:38.135 INFO  o.s.boot.web.embedded.tomcat.TomcatWebServer - Tomcat started on port(s): 8888 (http) with context path ''
2021-09-14 11:28:38.164 INFO  com.xtw.bridge.BridgeonzhoudaiApplication - Started BridgeonzhoudaiApplication in 13.093 seconds (JVM running for 15.202)
2021-09-14 11:28:41.897 INFO  o.a.c.core.ContainerBase.[Tomcat].[localhost].[/] - Initializing Spring DispatcherServlet 'dispatcherServlet'
2021-09-14 11:28:41.898 INFO  org.springframework.web.servlet.DispatcherServlet - Initializing Servlet 'dispatcherServlet'
2021-09-14 11:28:41.899 INFO  org.springframework.web.servlet.DispatcherServlet - Completed initialization in 1 ms
2021-09-14 11:30:27.116 INFO  org.hibernate.validator.internal.util.Version - HV000001: Hibernate Validator 5.2.4.Final
2021-09-14 11:30:27.153 INFO  com.xtw.bridge.BridgeonzhoudaiApplication - Starting BridgeonzhoudaiApplication using Java 1.8.0_261 on DESKTOP-CJ6RO9E with PID 10676 (D:\software\IDEAAllProj\Spring\bridge_zhoudai\target\classes started by admin in D:\software\IDEAAllProj\collect_zhoudai)
2021-09-14 11:30:27.154 INFO  com.xtw.bridge.BridgeonzhoudaiApplication - The following profiles are active: dev
2021-09-14 11:30:27.329 INFO  o.s.b.d.env.DevToolsPropertyDefaultsPostProcessor - Devtools property defaults active! Set 'spring.devtools.add-properties' to 'false' to disable
2021-09-14 11:30:27.330 INFO  o.s.b.d.env.DevToolsPropertyDefaultsPostProcessor - For additional web related logging consider setting the 'logging.level.web' property to 'DEBUG'
2021-09-14 11:30:31.109 INFO  o.s.boot.web.embedded.tomcat.TomcatWebServer - Tomcat initialized with port(s): 8888 (http)
2021-09-14 11:30:31.130 INFO  org.apache.coyote.http11.Http11NioProtocol - Initializing ProtocolHandler ["http-nio-8888"]
2021-09-14 11:30:31.131 INFO  org.apache.catalina.core.StandardService - Starting service [Tomcat]
2021-09-14 11:30:31.132 INFO  org.apache.catalina.core.StandardEngine - Starting Servlet engine: [Apache Tomcat/9.0.46]
2021-09-14 11:30:31.316 INFO  o.a.c.core.ContainerBase.[Tomcat].[localhost].[/] - Initializing Spring embedded WebApplicationContext
2021-09-14 11:30:31.317 INFO  o.s.b.w.s.c.ServletWebServerApplicationContext - Root WebApplicationContext: initialization completed in 3986 ms
2021-09-14 11:30:35.215 INFO  com.zaxxer.hikari.HikariDataSource - HikariPool-1 - Starting...
2021-09-14 11:30:35.539 INFO  com.zaxxer.hikari.HikariDataSource - HikariPool-1 - Start completed.
2021-09-14 11:30:35.846 INFO  o.s.security.web.DefaultSecurityFilterChain - Will secure any request with [org.springframework.security.web.context.request.async.WebAsyncManagerIntegrationFilter@3c4c9712, org.springframework.security.web.context.SecurityContextPersistenceFilter@53c4dcfb, org.springframework.security.web.header.HeaderWriterFilter@391515e7, org.springframework.web.filter.CorsFilter@6aebff40, org.springframework.security.web.authentication.logout.LogoutFilter@3723a8ba, com.xtw.bridge.filter.JwtAuthenticationTokenFilter@e8aaa19, org.springframework.security.web.savedrequest.RequestCacheAwareFilter@6efb7c2c, org.springframework.security.web.servletapi.SecurityContextHolderAwareRequestFilter@60527411, org.springframework.security.web.authentication.rememberme.RememberMeAuthenticationFilter@f072087, org.springframework.security.web.authentication.AnonymousAuthenticationFilter@52b3c5b8, org.springframework.security.web.session.SessionManagementFilter@16eb7fc, org.springframework.security.web.access.ExceptionTranslationFilter@33356af1, org.springframework.security.web.access.intercept.FilterSecurityInterceptor@11e79b20]
2021-09-14 11:30:35.957 INFO  o.s.b.d.autoconfigure.OptionalLiveReloadServer - LiveReload server is running on port 35729
2021-09-14 11:30:35.990 INFO  org.apache.coyote.http11.Http11NioProtocol - Starting ProtocolHandler ["http-nio-8888"]
2021-09-14 11:30:36.028 INFO  o.s.boot.web.embedded.tomcat.TomcatWebServer - Tomcat started on port(s): 8888 (http) with context path ''
2021-09-14 11:30:36.053 INFO  com.xtw.bridge.BridgeonzhoudaiApplication - Started BridgeonzhoudaiApplication in 10.397 seconds (JVM running for 12.44)
2021-09-14 11:30:40.021 INFO  o.a.c.core.ContainerBase.[Tomcat].[localhost].[/] - Initializing Spring DispatcherServlet 'dispatcherServlet'
2021-09-14 11:30:40.022 INFO  org.springframework.web.servlet.DispatcherServlet - Initializing Servlet 'dispatcherServlet'
2021-09-14 11:30:40.024 INFO  org.springframework.web.servlet.DispatcherServlet - Completed initialization in 2 ms
2021-09-14 11:32:11.759 INFO  org.hibernate.validator.internal.util.Version - HV000001: Hibernate Validator 5.2.4.Final
2021-09-14 11:32:11.811 INFO  com.xtw.bridge.BridgeonzhoudaiApplication - Starting BridgeonzhoudaiApplication using Java 1.8.0_261 on DESKTOP-CJ6RO9E with PID 10008 (D:\software\IDEAAllProj\Spring\bridge_zhoudai\target\classes started by admin in D:\software\IDEAAllProj\collect_zhoudai)
2021-09-14 11:32:11.813 INFO  com.xtw.bridge.BridgeonzhoudaiApplication - The following profiles are active: dev
2021-09-14 11:32:12.070 INFO  o.s.b.d.env.DevToolsPropertyDefaultsPostProcessor - Devtools property defaults active! Set 'spring.devtools.add-properties' to 'false' to disable
2021-09-14 11:32:12.071 INFO  o.s.b.d.env.DevToolsPropertyDefaultsPostProcessor - For additional web related logging consider setting the 'logging.level.web' property to 'DEBUG'
2021-09-14 11:32:16.002 INFO  o.s.boot.web.embedded.tomcat.TomcatWebServer - Tomcat initialized with port(s): 8888 (http)
2021-09-14 11:32:16.034 INFO  org.apache.coyote.http11.Http11NioProtocol - Initializing ProtocolHandler ["http-nio-8888"]
2021-09-14 11:32:16.035 INFO  org.apache.catalina.core.StandardService - Starting service [Tomcat]
2021-09-14 11:32:16.037 INFO  org.apache.catalina.core.StandardEngine - Starting Servlet engine: [Apache Tomcat/9.0.46]
2021-09-14 11:32:16.322 INFO  o.a.c.core.ContainerBase.[Tomcat].[localhost].[/] - Initializing Spring embedded WebApplicationContext
2021-09-14 11:32:16.322 INFO  o.s.b.w.s.c.ServletWebServerApplicationContext - Root WebApplicationContext: initialization completed in 4250 ms
2021-09-14 11:32:19.992 INFO  com.zaxxer.hikari.HikariDataSource - HikariPool-1 - Starting...
2021-09-14 11:32:20.320 INFO  com.zaxxer.hikari.HikariDataSource - HikariPool-1 - Start completed.
2021-09-14 11:32:20.637 INFO  o.s.security.web.DefaultSecurityFilterChain - Will secure any request with [org.springframework.security.web.context.request.async.WebAsyncManagerIntegrationFilter@2c287775, org.springframework.security.web.context.SecurityContextPersistenceFilter@471a4a1e, org.springframework.security.web.header.HeaderWriterFilter@42002de2, org.springframework.web.filter.CorsFilter@15af2e8, org.springframework.security.web.authentication.logout.LogoutFilter@daa2702, com.xtw.bridge.filter.JwtAuthenticationTokenFilter@5ec69566, org.springframework.security.web.savedrequest.RequestCacheAwareFilter@1acadaed, org.springframework.security.web.servletapi.SecurityContextHolderAwareRequestFilter@28c5ad30, org.springframework.security.web.authentication.rememberme.RememberMeAuthenticationFilter@33bdda51, org.springframework.security.web.authentication.AnonymousAuthenticationFilter@5f497727, org.springframework.security.web.session.SessionManagementFilter@1657d602, org.springframework.security.web.access.ExceptionTranslationFilter@407d2606, org.springframework.security.web.access.intercept.FilterSecurityInterceptor@e9138c]
2021-09-14 11:32:20.742 INFO  o.s.b.d.autoconfigure.OptionalLiveReloadServer - LiveReload server is running on port 35729
2021-09-14 11:32:20.774 INFO  org.apache.coyote.http11.Http11NioProtocol - Starting ProtocolHandler ["http-nio-8888"]
2021-09-14 11:32:20.824 INFO  o.s.boot.web.embedded.tomcat.TomcatWebServer - Tomcat started on port(s): 8888 (http) with context path ''
2021-09-14 11:32:20.850 INFO  com.xtw.bridge.BridgeonzhoudaiApplication - Started BridgeonzhoudaiApplication in 10.428 seconds (JVM running for 11.815)
2021-09-14 11:32:27.762 INFO  o.a.c.core.ContainerBase.[Tomcat].[localhost].[/] - Initializing Spring DispatcherServlet 'dispatcherServlet'
2021-09-14 11:32:27.762 INFO  org.springframework.web.servlet.DispatcherServlet - Initializing Servlet 'dispatcherServlet'
2021-09-14 11:32:27.767 INFO  org.springframework.web.servlet.DispatcherServlet - Completed initialization in 5 ms
2021-09-14 11:35:57.374 INFO  org.hibernate.validator.internal.util.Version - HV000001: Hibernate Validator 5.2.4.Final
2021-09-14 11:35:57.406 INFO  com.xtw.bridge.BridgeonzhoudaiApplication - Starting BridgeonzhoudaiApplication using Java 1.8.0_261 on DESKTOP-CJ6RO9E with PID 12008 (D:\software\IDEAAllProj\Spring\bridge_zhoudai\target\classes started by admin in D:\software\IDEAAllProj\collect_zhoudai)
2021-09-14 11:35:57.407 INFO  com.xtw.bridge.BridgeonzhoudaiApplication - The following profiles are active: dev
2021-09-14 11:35:57.607 INFO  o.s.b.d.env.DevToolsPropertyDefaultsPostProcessor - Devtools property defaults active! Set 'spring.devtools.add-properties' to 'false' to disable
2021-09-14 11:35:57.607 INFO  o.s.b.d.env.DevToolsPropertyDefaultsPostProcessor - For additional web related logging consider setting the 'logging.level.web' property to 'DEBUG'
2021-09-14 11:36:02.492 INFO  o.s.boot.web.embedded.tomcat.TomcatWebServer - Tomcat initialized with port(s): 8888 (http)
2021-09-14 11:36:02.522 INFO  org.apache.coyote.http11.Http11NioProtocol - Initializing ProtocolHandler ["http-nio-8888"]
2021-09-14 11:36:02.524 INFO  org.apache.catalina.core.StandardService - Starting service [Tomcat]
2021-09-14 11:36:02.524 INFO  org.apache.catalina.core.StandardEngine - Starting Servlet engine: [Apache Tomcat/9.0.46]
2021-09-14 11:36:02.877 INFO  o.a.c.core.ContainerBase.[Tomcat].[localhost].[/] - Initializing Spring embedded WebApplicationContext
2021-09-14 11:36:02.878 INFO  o.s.b.w.s.c.ServletWebServerApplicationContext - Root WebApplicationContext: initialization completed in 5270 ms
2021-09-14 11:36:07.516 INFO  com.zaxxer.hikari.HikariDataSource - HikariPool-1 - Starting...
2021-09-14 11:36:07.912 INFO  com.zaxxer.hikari.HikariDataSource - HikariPool-1 - Start completed.
2021-09-14 11:36:08.702 INFO  o.s.security.web.DefaultSecurityFilterChain - Will secure any request with [org.springframework.security.web.context.request.async.WebAsyncManagerIntegrationFilter@f084af7, org.springframework.security.web.context.SecurityContextPersistenceFilter@a0629bc, org.springframework.security.web.header.HeaderWriterFilter@7a685061, org.springframework.web.filter.CorsFilter@79b9efd4, org.springframework.security.web.authentication.logout.LogoutFilter@72fa3e00, com.xtw.bridge.filter.JwtAuthenticationTokenFilter@e8aaa19, org.springframework.security.web.savedrequest.RequestCacheAwareFilter@62ab1db, org.springframework.security.web.servletapi.SecurityContextHolderAwareRequestFilter@4740e0b5, org.springframework.security.web.authentication.rememberme.RememberMeAuthenticationFilter@3b7f8e, org.springframework.security.web.authentication.AnonymousAuthenticationFilter@7fd0088d, org.springframework.security.web.session.SessionManagementFilter@2bb12eb2, org.springframework.security.web.access.ExceptionTranslationFilter@49708b8e, org.springframework.security.web.access.intercept.FilterSecurityInterceptor@6f8381a7]
2021-09-14 11:36:09.079 INFO  o.s.b.d.autoconfigure.OptionalLiveReloadServer - LiveReload server is running on port 35729
2021-09-14 11:36:09.142 INFO  org.apache.coyote.http11.Http11NioProtocol - Starting ProtocolHandler ["http-nio-8888"]
2021-09-14 11:36:09.219 INFO  o.s.boot.web.embedded.tomcat.TomcatWebServer - Tomcat started on port(s): 8888 (http) with context path ''
2021-09-14 11:36:09.268 INFO  com.xtw.bridge.BridgeonzhoudaiApplication - Started BridgeonzhoudaiApplication in 13.27 seconds (JVM running for 14.819)
2021-09-14 11:36:58.362 INFO  o.a.c.core.ContainerBase.[Tomcat].[localhost].[/] - Initializing Spring DispatcherServlet 'dispatcherServlet'
2021-09-14 11:36:58.362 INFO  org.springframework.web.servlet.DispatcherServlet - Initializing Servlet 'dispatcherServlet'
2021-09-14 11:36:58.363 INFO  org.springframework.web.servlet.DispatcherServlet - Completed initialization in 1 ms
2021-09-14 11:38:39.590 INFO  org.hibernate.validator.internal.util.Version - HV000001: Hibernate Validator 5.2.4.Final
2021-09-14 11:38:39.622 INFO  com.xtw.bridge.BridgeonzhoudaiApplication - Starting BridgeonzhoudaiApplication using Java 1.8.0_261 on DESKTOP-CJ6RO9E with PID 5872 (D:\software\IDEAAllProj\Spring\bridge_zhoudai\target\classes started by admin in D:\software\IDEAAllProj\collect_zhoudai)
2021-09-14 11:38:39.627 INFO  com.xtw.bridge.BridgeonzhoudaiApplication - The following profiles are active: dev
2021-09-14 11:38:39.856 INFO  o.s.b.d.env.DevToolsPropertyDefaultsPostProcessor - Devtools property defaults active! Set 'spring.devtools.add-properties' to 'false' to disable
2021-09-14 11:38:39.866 INFO  o.s.b.d.env.DevToolsPropertyDefaultsPostProcessor - For additional web related logging consider setting the 'logging.level.web' property to 'DEBUG'
2021-09-14 11:38:43.390 INFO  o.s.boot.web.embedded.tomcat.TomcatWebServer - Tomcat initialized with port(s): 8888 (http)
2021-09-14 11:38:43.418 INFO  org.apache.coyote.http11.Http11NioProtocol - Initializing ProtocolHandler ["http-nio-8888"]
2021-09-14 11:38:43.419 INFO  org.apache.catalina.core.StandardService - Starting service [Tomcat]
2021-09-14 11:38:43.420 INFO  org.apache.catalina.core.StandardEngine - Starting Servlet engine: [Apache Tomcat/9.0.46]
2021-09-14 11:38:43.716 INFO  o.a.c.core.ContainerBase.[Tomcat].[localhost].[/] - Initializing Spring embedded WebApplicationContext
2021-09-14 11:38:43.717 INFO  o.s.b.w.s.c.ServletWebServerApplicationContext - Root WebApplicationContext: initialization completed in 3843 ms
2021-09-14 11:38:47.771 INFO  com.zaxxer.hikari.HikariDataSource - HikariPool-1 - Starting...
2021-09-14 11:38:48.116 INFO  com.zaxxer.hikari.HikariDataSource - HikariPool-1 - Start completed.
2021-09-14 11:38:48.467 INFO  o.s.security.web.DefaultSecurityFilterChain - Will secure any request with [org.springframework.security.web.context.request.async.WebAsyncManagerIntegrationFilter@3cf3178c, org.springframework.security.web.context.SecurityContextPersistenceFilter@190647a7, org.springframework.security.web.header.HeaderWriterFilter@1365bc8c, org.springframework.web.filter.CorsFilter@180bf1ae, org.springframework.security.web.authentication.logout.LogoutFilter@6b975dde, com.xtw.bridge.filter.JwtAuthenticationTokenFilter@152b6681, org.springframework.security.web.savedrequest.RequestCacheAwareFilter@8b39852, org.springframework.security.web.servletapi.SecurityContextHolderAwareRequestFilter@69a0b693, org.springframework.security.web.authentication.rememberme.RememberMeAuthenticationFilter@40310cf8, org.springframework.security.web.authentication.AnonymousAuthenticationFilter@70997dc2, org.springframework.security.web.session.SessionManagementFilter@46e771ad, org.springframework.security.web.access.ExceptionTranslationFilter@e3d89f0, org.springframework.security.web.access.intercept.FilterSecurityInterceptor@3aaca3ed]
2021-09-14 11:38:48.562 INFO  o.s.b.d.autoconfigure.OptionalLiveReloadServer - LiveReload server is running on port 35729
2021-09-14 11:38:48.601 INFO  org.apache.coyote.http11.Http11NioProtocol - Starting ProtocolHandler ["http-nio-8888"]
2021-09-14 11:38:48.633 INFO  o.s.boot.web.embedded.tomcat.TomcatWebServer - Tomcat started on port(s): 8888 (http) with context path ''
2021-09-14 11:38:48.653 INFO  com.xtw.bridge.BridgeonzhoudaiApplication - Started BridgeonzhoudaiApplication in 10.253 seconds (JVM running for 11.425)
2021-09-14 11:38:50.636 INFO  o.a.c.core.ContainerBase.[Tomcat].[localhost].[/] - Initializing Spring DispatcherServlet 'dispatcherServlet'
2021-09-14 11:38:50.636 INFO  org.springframework.web.servlet.DispatcherServlet - Initializing Servlet 'dispatcherServlet'
2021-09-14 11:38:50.638 INFO  org.springframework.web.servlet.DispatcherServlet - Completed initialization in 1 ms
2021-09-14 11:44:20.318 INFO  org.hibernate.validator.internal.util.Version - HV000001: Hibernate Validator 5.2.4.Final
2021-09-14 11:44:20.318 INFO  com.xtw.bridge.BridgeonzhoudaiApplication - Starting BridgeonzhoudaiApplication using Java 1.8.0_261 on DESKTOP-CJ6RO9E with PID 1692 (D:\software\IDEAAllProj\Spring\bridge_zhoudai\target\classes started by admin in D:\software\IDEAAllProj\collect_zhoudai)
2021-09-14 11:44:20.327 INFO  com.xtw.bridge.BridgeonzhoudaiApplication - The following profiles are active: dev
2021-09-14 11:44:20.509 INFO  o.s.b.d.env.DevToolsPropertyDefaultsPostProcessor - Devtools property defaults active! Set 'spring.devtools.add-properties' to 'false' to disable
2021-09-14 11:44:20.511 INFO  o.s.b.d.env.DevToolsPropertyDefaultsPostProcessor - For additional web related logging consider setting the 'logging.level.web' property to 'DEBUG'
2021-09-14 11:44:24.743 INFO  o.s.boot.web.embedded.tomcat.TomcatWebServer - Tomcat initialized with port(s): 8888 (http)
2021-09-14 11:44:24.763 INFO  org.apache.coyote.http11.Http11NioProtocol - Initializing ProtocolHandler ["http-nio-8888"]
2021-09-14 11:44:24.764 INFO  org.apache.catalina.core.StandardService - Starting service [Tomcat]
2021-09-14 11:44:24.764 INFO  org.apache.catalina.core.StandardEngine - Starting Servlet engine: [Apache Tomcat/9.0.46]
2021-09-14 11:44:24.992 INFO  o.a.c.core.ContainerBase.[Tomcat].[localhost].[/] - Initializing Spring embedded WebApplicationContext
2021-09-14 11:44:24.993 INFO  o.s.b.w.s.c.ServletWebServerApplicationContext - Root WebApplicationContext: initialization completed in 4480 ms
2021-09-14 11:44:28.431 INFO  com.zaxxer.hikari.HikariDataSource - HikariPool-1 - Starting...
2021-09-14 11:44:28.740 INFO  com.zaxxer.hikari.HikariDataSource - HikariPool-1 - Start completed.
2021-09-14 11:44:29.035 INFO  o.s.security.web.DefaultSecurityFilterChain - Will secure any request with [org.springframework.security.web.context.request.async.WebAsyncManagerIntegrationFilter@33194b7c, org.springframework.security.web.context.SecurityContextPersistenceFilter@55171442, org.springframework.security.web.header.HeaderWriterFilter@59b65885, org.springframework.web.filter.CorsFilter@545c4ec5, org.springframework.security.web.authentication.logout.LogoutFilter@16eb7fc, com.xtw.bridge.filter.JwtAuthenticationTokenFilter@4bd5f592, org.springframework.security.web.savedrequest.RequestCacheAwareFilter@47a62025, org.springframework.security.web.servletapi.SecurityContextHolderAwareRequestFilter@2e1938b3, org.springframework.security.web.authentication.rememberme.RememberMeAuthenticationFilter@4d56488e, org.springframework.security.web.authentication.AnonymousAuthenticationFilter@407d7119, org.springframework.security.web.session.SessionManagementFilter@371cbf4d, org.springframework.security.web.access.ExceptionTranslationFilter@62399bb1, org.springframework.security.web.access.intercept.FilterSecurityInterceptor@530287f6]
2021-09-14 11:44:29.147 INFO  o.s.b.d.autoconfigure.OptionalLiveReloadServer - LiveReload server is running on port 35729
2021-09-14 11:44:29.181 INFO  org.apache.coyote.http11.Http11NioProtocol - Starting ProtocolHandler ["http-nio-8888"]
2021-09-14 11:44:29.219 INFO  o.s.boot.web.embedded.tomcat.TomcatWebServer - Tomcat started on port(s): 8888 (http) with context path ''
2021-09-14 11:44:29.241 INFO  com.xtw.bridge.BridgeonzhoudaiApplication - Started BridgeonzhoudaiApplication in 10.424 seconds (JVM running for 11.855)
2021-09-14 11:44:31.851 INFO  o.a.c.core.ContainerBase.[Tomcat].[localhost].[/] - Initializing Spring DispatcherServlet 'dispatcherServlet'
2021-09-14 11:44:31.852 INFO  org.springframework.web.servlet.DispatcherServlet - Initializing Servlet 'dispatcherServlet'
2021-09-14 11:44:31.856 INFO  org.springframework.web.servlet.DispatcherServlet - Completed initialization in 4 ms
2021-09-14 11:47:04.356 INFO  org.hibernate.validator.internal.util.Version - HV000001: Hibernate Validator 5.2.4.Final
2021-09-14 11:47:04.377 INFO  com.xtw.bridge.BridgeonzhoudaiApplication - Starting BridgeonzhoudaiApplication using Java 1.8.0_261 on DESKTOP-CJ6RO9E with PID 7152 (D:\software\IDEAAllProj\Spring\bridge_zhoudai\target\classes started by admin in D:\software\IDEAAllProj\collect_zhoudai)
2021-09-14 11:47:04.378 INFO  com.xtw.bridge.BridgeonzhoudaiApplication - The following profiles are active: dev
2021-09-14 11:47:04.559 INFO  o.s.b.d.env.DevToolsPropertyDefaultsPostProcessor - Devtools property defaults active! Set 'spring.devtools.add-properties' to 'false' to disable
2021-09-14 11:47:04.560 INFO  o.s.b.d.env.DevToolsPropertyDefaultsPostProcessor - For additional web related logging consider setting the 'logging.level.web' property to 'DEBUG'
2021-09-14 11:47:08.870 INFO  o.s.boot.web.embedded.tomcat.TomcatWebServer - Tomcat initialized with port(s): 8888 (http)
2021-09-14 11:47:08.899 INFO  org.apache.coyote.http11.Http11NioProtocol - Initializing ProtocolHandler ["http-nio-8888"]
2021-09-14 11:47:08.900 INFO  org.apache.catalina.core.StandardService - Starting service [Tomcat]
2021-09-14 11:47:08.901 INFO  org.apache.catalina.core.StandardEngine - Starting Servlet engine: [Apache Tomcat/9.0.46]
2021-09-14 11:47:09.176 INFO  o.a.c.core.ContainerBase.[Tomcat].[localhost].[/] - Initializing Spring embedded WebApplicationContext
2021-09-14 11:47:09.176 INFO  o.s.b.w.s.c.ServletWebServerApplicationContext - Root WebApplicationContext: initialization completed in 4615 ms
2021-09-14 11:47:13.343 INFO  com.zaxxer.hikari.HikariDataSource - HikariPool-1 - Starting...
2021-09-14 11:47:13.776 INFO  com.zaxxer.hikari.HikariDataSource - HikariPool-1 - Start completed.
2021-09-14 11:47:14.128 INFO  o.s.security.web.DefaultSecurityFilterChain - Will secure any request with [org.springframework.security.web.context.request.async.WebAsyncManagerIntegrationFilter@1b2de6b8, org.springframework.security.web.context.SecurityContextPersistenceFilter@587ca405, org.springframework.security.web.header.HeaderWriterFilter@5e2c8991, org.springframework.web.filter.CorsFilter@4ea67d2d, org.springframework.security.web.authentication.logout.LogoutFilter@54e46d13, com.xtw.bridge.filter.JwtAuthenticationTokenFilter@5cfd395e, org.springframework.security.web.savedrequest.RequestCacheAwareFilter@af95c8, org.springframework.security.web.servletapi.SecurityContextHolderAwareRequestFilter@128382f9, org.springframework.security.web.authentication.rememberme.RememberMeAuthenticationFilter@37767472, org.springframework.security.web.authentication.AnonymousAuthenticationFilter@2baba8db, org.springframework.security.web.session.SessionManagementFilter@6d562a52, org.springframework.security.web.access.ExceptionTranslationFilter@512d7ef3, org.springframework.security.web.access.intercept.FilterSecurityInterceptor@634eeef2]
2021-09-14 11:47:14.232 INFO  o.s.b.d.autoconfigure.OptionalLiveReloadServer - LiveReload server is running on port 35729
2021-09-14 11:47:14.275 INFO  org.apache.coyote.http11.Http11NioProtocol - Starting ProtocolHandler ["http-nio-8888"]
2021-09-14 11:47:14.319 INFO  o.s.boot.web.embedded.tomcat.TomcatWebServer - Tomcat started on port(s): 8888 (http) with context path ''
2021-09-14 11:47:14.350 INFO  com.xtw.bridge.BridgeonzhoudaiApplication - Started BridgeonzhoudaiApplication in 11.321 seconds (JVM running for 12.699)
2021-09-14 11:47:19.689 INFO  o.a.c.core.ContainerBase.[Tomcat].[localhost].[/] - Initializing Spring DispatcherServlet 'dispatcherServlet'
2021-09-14 11:47:19.690 INFO  org.springframework.web.servlet.DispatcherServlet - Initializing Servlet 'dispatcherServlet'
2021-09-14 11:47:19.692 INFO  org.springframework.web.servlet.DispatcherServlet - Completed initialization in 2 ms
2021-09-14 12:16:31.774 INFO  com.xtw.bridge.BridgeonzhoudaiApplication - Starting BridgeonzhoudaiApplication using Java 1.8.0_261 on DESKTOP-CJ6RO9E with PID 3180 (D:\software\IDEAAllProj\Spring\bridge_zhoudai\target\classes started by admin in D:\software\IDEAAllProj\collect_zhoudai)
2021-09-14 12:16:31.793 INFO  com.xtw.bridge.BridgeonzhoudaiApplication - The following profiles are active: dev
2021-09-14 12:16:31.820 INFO  org.hibernate.validator.internal.util.Version - HV000001: Hibernate Validator 5.2.4.Final
2021-09-14 12:16:32.109 INFO  o.s.b.d.env.DevToolsPropertyDefaultsPostProcessor - Devtools property defaults active! Set 'spring.devtools.add-properties' to 'false' to disable
2021-09-14 12:16:32.110 INFO  o.s.b.d.env.DevToolsPropertyDefaultsPostProcessor - For additional web related logging consider setting the 'logging.level.web' property to 'DEBUG'
2021-09-14 12:16:37.673 INFO  o.s.boot.web.embedded.tomcat.TomcatWebServer - Tomcat initialized with port(s): 8888 (http)
2021-09-14 12:16:37.710 INFO  org.apache.coyote.http11.Http11NioProtocol - Initializing ProtocolHandler ["http-nio-8888"]
2021-09-14 12:16:37.712 INFO  org.apache.catalina.core.StandardService - Starting service [Tomcat]
2021-09-14 12:16:37.712 INFO  org.apache.catalina.core.StandardEngine - Starting Servlet engine: [Apache Tomcat/9.0.46]
2021-09-14 12:16:38.035 INFO  o.a.c.core.ContainerBase.[Tomcat].[localhost].[/] - Initializing Spring embedded WebApplicationContext
2021-09-14 12:16:38.035 INFO  o.s.b.w.s.c.ServletWebServerApplicationContext - Root WebApplicationContext: initialization completed in 5924 ms
2021-09-14 12:16:43.011 INFO  com.zaxxer.hikari.HikariDataSource - HikariPool-1 - Starting...
2021-09-14 12:16:43.449 INFO  com.zaxxer.hikari.HikariDataSource - HikariPool-1 - Start completed.
2021-09-14 12:16:43.877 INFO  o.s.security.web.DefaultSecurityFilterChain - Will secure any request with [org.springframework.security.web.context.request.async.WebAsyncManagerIntegrationFilter@c517522, org.springframework.security.web.context.SecurityContextPersistenceFilter@6e2606c0, org.springframework.security.web.header.HeaderWriterFilter@3d479e71, org.springframework.web.filter.CorsFilter@4b04b748, org.springframework.security.web.authentication.logout.LogoutFilter@2b6a1681, com.xtw.bridge.filter.JwtAuthenticationTokenFilter@7ff65d07, org.springframework.security.web.savedrequest.RequestCacheAwareFilter@2ab02602, org.springframework.security.web.servletapi.SecurityContextHolderAwareRequestFilter@5499e2c7, org.springframework.security.web.authentication.rememberme.RememberMeAuthenticationFilter@2fa3042d, org.springframework.security.web.authentication.AnonymousAuthenticationFilter@43308308, org.springframework.security.web.session.SessionManagementFilter@793ea742, org.springframework.security.web.access.ExceptionTranslationFilter@5e8ec2a0, org.springframework.security.web.access.intercept.FilterSecurityInterceptor@61cc1ba8]
2021-09-14 12:16:44.009 INFO  o.s.b.d.autoconfigure.OptionalLiveReloadServer - LiveReload server is running on port 35729
2021-09-14 12:16:44.055 INFO  org.apache.coyote.http11.Http11NioProtocol - Starting ProtocolHandler ["http-nio-8888"]
2021-09-14 12:16:44.112 INFO  o.s.boot.web.embedded.tomcat.TomcatWebServer - Tomcat started on port(s): 8888 (http) with context path ''
2021-09-14 12:16:44.152 INFO  com.xtw.bridge.BridgeonzhoudaiApplication - Started BridgeonzhoudaiApplication in 14.129 seconds (JVM running for 16.029)
2021-09-14 12:29:00.486 INFO  o.a.c.core.ContainerBase.[Tomcat].[localhost].[/] - Initializing Spring DispatcherServlet 'dispatcherServlet'
2021-09-14 12:29:00.486 INFO  org.springframework.web.servlet.DispatcherServlet - Initializing Servlet 'dispatcherServlet'
2021-09-14 12:29:00.490 INFO  org.springframework.web.servlet.DispatcherServlet - Completed initialization in 3 ms
2021-09-14 13:37:30.535 INFO  org.hibernate.validator.internal.util.Version - HV000001: Hibernate Validator 5.2.4.Final
2021-09-14 13:37:30.578 INFO  com.xtw.bridge.BridgeonzhoudaiApplication - Starting BridgeonzhoudaiApplication using Java 1.8.0_261 on DESKTOP-CJ6RO9E with PID 6172 (D:\software\IDEAAllProj\Spring\bridge_zhoudai\target\classes started by admin in D:\software\IDEAAllProj\collect_zhoudai)
2021-09-14 13:37:30.579 INFO  com.xtw.bridge.BridgeonzhoudaiApplication - The following profiles are active: dev
2021-09-14 13:37:30.847 INFO  o.s.b.d.env.DevToolsPropertyDefaultsPostProcessor - Devtools property defaults active! Set 'spring.devtools.add-properties' to 'false' to disable
2021-09-14 13:37:30.848 INFO  o.s.b.d.env.DevToolsPropertyDefaultsPostProcessor - For additional web related logging consider setting the 'logging.level.web' property to 'DEBUG'
2021-09-14 13:37:35.518 INFO  o.s.boot.web.embedded.tomcat.TomcatWebServer - Tomcat initialized with port(s): 8888 (http)
2021-09-14 13:37:35.549 INFO  org.apache.coyote.http11.Http11NioProtocol - Initializing ProtocolHandler ["http-nio-8888"]
2021-09-14 13:37:35.550 INFO  org.apache.catalina.core.StandardService - Starting service [Tomcat]
2021-09-14 13:37:35.551 INFO  org.apache.catalina.core.StandardEngine - Starting Servlet engine: [Apache Tomcat/9.0.46]
2021-09-14 13:37:35.812 INFO  o.a.c.core.ContainerBase.[Tomcat].[localhost].[/] - Initializing Spring embedded WebApplicationContext
2021-09-14 13:37:35.812 INFO  o.s.b.w.s.c.ServletWebServerApplicationContext - Root WebApplicationContext: initialization completed in 4963 ms
2021-09-14 13:37:39.727 INFO  com.zaxxer.hikari.HikariDataSource - HikariPool-1 - Starting...
2021-09-14 13:38:02.516 INFO  o.s.security.web.DefaultSecurityFilterChain - Will secure any request with [org.springframework.security.web.context.request.async.WebAsyncManagerIntegrationFilter@6d5a4c90, org.springframework.security.web.context.SecurityContextPersistenceFilter@522f1cff, org.springframework.security.web.header.HeaderWriterFilter@7bd8784e, org.springframework.web.filter.CorsFilter@75869a4b, org.springframework.security.web.authentication.logout.LogoutFilter@18658269, com.xtw.bridge.filter.JwtAuthenticationTokenFilter@5e105da2, org.springframework.security.web.savedrequest.RequestCacheAwareFilter@116c3057, org.springframework.security.web.servletapi.SecurityContextHolderAwareRequestFilter@10f266d5, org.springframework.security.web.authentication.rememberme.RememberMeAuthenticationFilter@13324627, org.springframework.security.web.authentication.AnonymousAuthenticationFilter@5d5ee868, org.springframework.security.web.session.SessionManagementFilter@53579882, org.springframework.security.web.access.ExceptionTranslationFilter@429c656e, org.springframework.security.web.access.intercept.FilterSecurityInterceptor@36980f52]
2021-09-14 13:38:02.797 INFO  o.s.b.d.autoconfigure.OptionalLiveReloadServer - LiveReload server is running on port 35729
2021-09-14 13:38:02.862 INFO  org.apache.coyote.http11.Http11NioProtocol - Starting ProtocolHandler ["http-nio-8888"]
2021-09-14 13:38:02.967 INFO  o.s.boot.web.embedded.tomcat.TomcatWebServer - Tomcat started on port(s): 8888 (http) with context path ''
2021-09-14 13:38:03.011 INFO  com.xtw.bridge.BridgeonzhoudaiApplication - Started BridgeonzhoudaiApplication in 34.228 seconds (JVM running for 36.416)
2021-09-14 13:38:04.345 INFO  o.a.c.core.ContainerBase.[Tomcat].[localhost].[/] - Initializing Spring DispatcherServlet 'dispatcherServlet'
2021-09-14 13:38:04.345 INFO  org.springframework.web.servlet.DispatcherServlet - Initializing Servlet 'dispatcherServlet'
2021-09-14 13:38:04.347 INFO  org.springframework.web.servlet.DispatcherServlet - Completed initialization in 2 ms
2021-09-14 13:38:04.998 INFO  com.zaxxer.hikari.HikariDataSource - HikariPool-1 - Starting...
2021-09-14 13:38:27.008 INFO  com.zaxxer.hikari.HikariDataSource - HikariPool-1 - Starting...
2021-09-14 13:38:49.015 INFO  com.zaxxer.hikari.HikariDataSource - HikariPool-1 - Starting...
2021-09-14 13:38:57.396 INFO  org.hibernate.validator.internal.util.Version - HV000001: Hibernate Validator 5.2.4.Final
2021-09-14 13:38:57.461 INFO  com.xtw.bridge.BridgeonzhoudaiApplication - Starting BridgeonzhoudaiApplication using Java 1.8.0_261 on DESKTOP-CJ6RO9E with PID 1432 (D:\software\IDEAAllProj\Spring\bridge_zhoudai\target\classes started by admin in D:\software\IDEAAllProj\collect_zhoudai)
2021-09-14 13:38:57.463 INFO  com.xtw.bridge.BridgeonzhoudaiApplication - The following profiles are active: dev
2021-09-14 13:38:57.677 INFO  o.s.b.d.env.DevToolsPropertyDefaultsPostProcessor - Devtools property defaults active! Set 'spring.devtools.add-properties' to 'false' to disable
2021-09-14 13:38:57.679 INFO  o.s.b.d.env.DevToolsPropertyDefaultsPostProcessor - For additional web related logging consider setting the 'logging.level.web' property to 'DEBUG'
2021-09-14 13:39:01.891 INFO  o.s.boot.web.embedded.tomcat.TomcatWebServer - Tomcat initialized with port(s): 8888 (http)
2021-09-14 13:39:01.922 INFO  org.apache.coyote.http11.Http11NioProtocol - Initializing ProtocolHandler ["http-nio-8888"]
2021-09-14 13:39:01.924 INFO  org.apache.catalina.core.StandardService - Starting service [Tomcat]
2021-09-14 13:39:01.925 INFO  org.apache.catalina.core.StandardEngine - Starting Servlet engine: [Apache Tomcat/9.0.46]
2021-09-14 13:39:02.191 INFO  o.a.c.core.ContainerBase.[Tomcat].[localhost].[/] - Initializing Spring embedded WebApplicationContext
2021-09-14 13:39:02.192 INFO  o.s.b.w.s.c.ServletWebServerApplicationContext - Root WebApplicationContext: initialization completed in 4512 ms
2021-09-14 13:39:06.009 INFO  com.zaxxer.hikari.HikariDataSource - HikariPool-1 - Starting...
2021-09-14 13:39:06.341 INFO  com.zaxxer.hikari.HikariDataSource - HikariPool-1 - Start completed.
2021-09-14 13:39:06.688 INFO  o.s.security.web.DefaultSecurityFilterChain - Will secure any request with [org.springframework.security.web.context.request.async.WebAsyncManagerIntegrationFilter@1e0a1d4b, org.springframework.security.web.context.SecurityContextPersistenceFilter@110ea3c7, org.springframework.security.web.header.HeaderWriterFilter@2ac4365, org.springframework.web.filter.CorsFilter@3877cc63, org.springframework.security.web.authentication.logout.LogoutFilter@4ac60f02, com.xtw.bridge.filter.JwtAuthenticationTokenFilter@dbf1fad, org.springframework.security.web.savedrequest.RequestCacheAwareFilter@663c4ec6, org.springframework.security.web.servletapi.SecurityContextHolderAwareRequestFilter@3cfa23cf, org.springframework.security.web.authentication.rememberme.RememberMeAuthenticationFilter@314ba29d, org.springframework.security.web.authentication.AnonymousAuthenticationFilter@31840cc7, org.springframework.security.web.session.SessionManagementFilter@26e2b6c3, org.springframework.security.web.access.ExceptionTranslationFilter@352a50e5, org.springframework.security.web.access.intercept.FilterSecurityInterceptor@3d13c553]
2021-09-14 13:39:06.809 INFO  o.s.b.d.autoconfigure.OptionalLiveReloadServer - LiveReload server is running on port 35729
2021-09-14 13:39:06.847 INFO  org.apache.coyote.http11.Http11NioProtocol - Starting ProtocolHandler ["http-nio-8888"]
2021-09-14 13:39:06.894 INFO  o.s.boot.web.embedded.tomcat.TomcatWebServer - Tomcat started on port(s): 8888 (http) with context path ''
2021-09-14 13:39:06.922 INFO  com.xtw.bridge.BridgeonzhoudaiApplication - Started BridgeonzhoudaiApplication in 10.875 seconds (JVM running for 12.202)
2021-09-14 13:39:13.149 INFO  o.a.c.core.ContainerBase.[Tomcat].[localhost].[/] - Initializing Spring DispatcherServlet 'dispatcherServlet'
2021-09-14 13:39:13.149 INFO  org.springframework.web.servlet.DispatcherServlet - Initializing Servlet 'dispatcherServlet'
2021-09-14 13:39:13.151 INFO  org.springframework.web.servlet.DispatcherServlet - Completed initialization in 2 ms
2021-09-14 13:40:20.425 INFO  org.hibernate.validator.internal.util.Version - HV000001: Hibernate Validator 5.2.4.Final
2021-09-14 13:40:20.462 INFO  com.xtw.bridge.BridgeonzhoudaiApplication - Starting BridgeonzhoudaiApplication using Java 1.8.0_261 on DESKTOP-CJ6RO9E with PID 8704 (D:\software\IDEAAllProj\Spring\bridge_zhoudai\target\classes started by admin in D:\software\IDEAAllProj\collect_zhoudai)
2021-09-14 13:40:20.463 INFO  com.xtw.bridge.BridgeonzhoudaiApplication - The following profiles are active: dev
2021-09-14 13:40:20.673 INFO  o.s.b.d.env.DevToolsPropertyDefaultsPostProcessor - Devtools property defaults active! Set 'spring.devtools.add-properties' to 'false' to disable
2021-09-14 13:40:20.674 INFO  o.s.b.d.env.DevToolsPropertyDefaultsPostProcessor - For additional web related logging consider setting the 'logging.level.web' property to 'DEBUG'
2021-09-14 13:40:24.259 INFO  o.s.boot.web.embedded.tomcat.TomcatWebServer - Tomcat initialized with port(s): 8888 (http)
2021-09-14 13:40:24.281 INFO  org.apache.coyote.http11.Http11NioProtocol - Initializing ProtocolHandler ["http-nio-8888"]
2021-09-14 13:40:24.282 INFO  org.apache.catalina.core.StandardService - Starting service [Tomcat]
2021-09-14 13:40:24.283 INFO  org.apache.catalina.core.StandardEngine - Starting Servlet engine: [Apache Tomcat/9.0.46]
2021-09-14 13:40:24.473 INFO  o.a.c.core.ContainerBase.[Tomcat].[localhost].[/] - Initializing Spring embedded WebApplicationContext
2021-09-14 13:40:24.473 INFO  o.s.b.w.s.c.ServletWebServerApplicationContext - Root WebApplicationContext: initialization completed in 3798 ms
2021-09-14 13:40:27.955 INFO  com.zaxxer.hikari.HikariDataSource - HikariPool-1 - Starting...
2021-09-14 13:40:28.381 INFO  com.zaxxer.hikari.HikariDataSource - HikariPool-1 - Start completed.
2021-09-14 13:40:28.774 INFO  o.s.security.web.DefaultSecurityFilterChain - Will secure any request with [org.springframework.security.web.context.request.async.WebAsyncManagerIntegrationFilter@5dd25935, org.springframework.security.web.context.SecurityContextPersistenceFilter@4b76e112, org.springframework.security.web.header.HeaderWriterFilter@5eb265f2, org.springframework.web.filter.CorsFilter@41276f95, org.springframework.security.web.authentication.logout.LogoutFilter@74cf43f7, com.xtw.bridge.filter.JwtAuthenticationTokenFilter@285d264c, org.springframework.security.web.savedrequest.RequestCacheAwareFilter@7980017, org.springframework.security.web.servletapi.SecurityContextHolderAwareRequestFilter@2424e0f2, org.springframework.security.web.authentication.rememberme.RememberMeAuthenticationFilter@1ba921a0, org.springframework.security.web.authentication.AnonymousAuthenticationFilter@539506c3, org.springframework.security.web.session.SessionManagementFilter@1b370340, org.springframework.security.web.access.ExceptionTranslationFilter@243d1216, org.springframework.security.web.access.intercept.FilterSecurityInterceptor@6a0fa0a5]
2021-09-14 13:40:28.884 INFO  o.s.b.d.autoconfigure.OptionalLiveReloadServer - LiveReload server is running on port 35729
2021-09-14 13:40:28.923 INFO  org.apache.coyote.http11.Http11NioProtocol - Starting ProtocolHandler ["http-nio-8888"]
2021-09-14 13:40:28.963 INFO  o.s.boot.web.embedded.tomcat.TomcatWebServer - Tomcat started on port(s): 8888 (http) with context path ''
2021-09-14 13:40:28.989 INFO  com.xtw.bridge.BridgeonzhoudaiApplication - Started BridgeonzhoudaiApplication in 9.681 seconds (JVM running for 10.916)
2021-09-14 13:40:30.004 INFO  o.a.c.core.ContainerBase.[Tomcat].[localhost].[/] - Initializing Spring DispatcherServlet 'dispatcherServlet'
2021-09-14 13:40:30.005 INFO  org.springframework.web.servlet.DispatcherServlet - Initializing Servlet 'dispatcherServlet'
2021-09-14 13:40:30.007 INFO  org.springframework.web.servlet.DispatcherServlet - Completed initialization in 2 ms
2021-09-14 13:43:49.824 INFO  org.hibernate.validator.internal.util.Version - HV000001: Hibernate Validator 5.2.4.Final
2021-09-14 13:43:49.834 INFO  com.xtw.bridge.BridgeonzhoudaiApplication - Starting BridgeonzhoudaiApplication using Java 1.8.0_261 on DESKTOP-CJ6RO9E with PID 10956 (D:\software\IDEAAllProj\Spring\bridge_zhoudai\target\classes started by admin in D:\software\IDEAAllProj\collect_zhoudai)
2021-09-14 13:43:49.836 INFO  com.xtw.bridge.BridgeonzhoudaiApplication - The following profiles are active: dev
2021-09-14 13:43:50.031 INFO  o.s.b.d.env.DevToolsPropertyDefaultsPostProcessor - Devtools property defaults active! Set 'spring.devtools.add-properties' to 'false' to disable
2021-09-14 13:43:50.032 INFO  o.s.b.d.env.DevToolsPropertyDefaultsPostProcessor - For additional web related logging consider setting the 'logging.level.web' property to 'DEBUG'
2021-09-14 13:43:55.422 INFO  o.s.boot.web.embedded.tomcat.TomcatWebServer - Tomcat initialized with port(s): 8888 (http)
2021-09-14 13:43:55.473 INFO  org.apache.coyote.http11.Http11NioProtocol - Initializing ProtocolHandler ["http-nio-8888"]
2021-09-14 13:43:55.476 INFO  org.apache.catalina.core.StandardService - Starting service [Tomcat]
2021-09-14 13:43:55.477 INFO  org.apache.catalina.core.StandardEngine - Starting Servlet engine: [Apache Tomcat/9.0.46]
2021-09-14 13:43:55.783 INFO  o.a.c.core.ContainerBase.[Tomcat].[localhost].[/] - Initializing Spring embedded WebApplicationContext
2021-09-14 13:43:55.783 INFO  o.s.b.w.s.c.ServletWebServerApplicationContext - Root WebApplicationContext: initialization completed in 5749 ms
2021-09-14 13:44:00.287 INFO  com.zaxxer.hikari.HikariDataSource - HikariPool-1 - Starting...
2021-09-14 13:44:00.616 INFO  com.zaxxer.hikari.HikariDataSource - HikariPool-1 - Start completed.
2021-09-14 13:44:00.929 INFO  o.s.security.web.DefaultSecurityFilterChain - Will secure any request with [org.springframework.security.web.context.request.async.WebAsyncManagerIntegrationFilter@2e5160fc, org.springframework.security.web.context.SecurityContextPersistenceFilter@4b12101, org.springframework.security.web.header.HeaderWriterFilter@2867bc15, org.springframework.web.filter.CorsFilter@4cb4cfa5, org.springframework.security.web.authentication.logout.LogoutFilter@3d68357f, com.xtw.bridge.filter.JwtAuthenticationTokenFilter@34b37e1, org.springframework.security.web.savedrequest.RequestCacheAwareFilter@60e3fbaf, org.springframework.security.web.servletapi.SecurityContextHolderAwareRequestFilter@758a992c, org.springframework.security.web.authentication.rememberme.RememberMeAuthenticationFilter@4c868eef, org.springframework.security.web.authentication.AnonymousAuthenticationFilter@14a4e375, org.springframework.security.web.session.SessionManagementFilter@188e5f26, org.springframework.security.web.access.ExceptionTranslationFilter@6f789079, org.springframework.security.web.access.intercept.FilterSecurityInterceptor@1eeecbdf]
2021-09-14 13:44:01.056 INFO  o.s.b.d.autoconfigure.OptionalLiveReloadServer - LiveReload server is running on port 35729
2021-09-14 13:44:01.093 INFO  org.apache.coyote.http11.Http11NioProtocol - Starting ProtocolHandler ["http-nio-8888"]
2021-09-14 13:44:01.131 INFO  o.s.boot.web.embedded.tomcat.TomcatWebServer - Tomcat started on port(s): 8888 (http) with context path ''
2021-09-14 13:44:01.156 INFO  com.xtw.bridge.BridgeonzhoudaiApplication - Started BridgeonzhoudaiApplication in 12.782 seconds (JVM running for 14.425)
2021-09-14 13:44:01.968 INFO  o.a.c.core.ContainerBase.[Tomcat].[localhost].[/] - Initializing Spring DispatcherServlet 'dispatcherServlet'
2021-09-14 13:44:01.968 INFO  org.springframework.web.servlet.DispatcherServlet - Initializing Servlet 'dispatcherServlet'
2021-09-14 13:44:01.970 INFO  org.springframework.web.servlet.DispatcherServlet - Completed initialization in 2 ms
2021-09-14 13:47:32.751 INFO  com.xtw.bridge.BridgeonzhoudaiApplication - Starting BridgeonzhoudaiApplication using Java 1.8.0_261 on DESKTOP-CJ6RO9E with PID 10112 (D:\software\IDEAAllProj\Spring\bridge_zhoudai\target\classes started by admin in D:\software\IDEAAllProj\collect_zhoudai)
2021-09-14 13:47:32.760 INFO  com.xtw.bridge.BridgeonzhoudaiApplication - The following profiles are active: dev
2021-09-14 13:47:32.750 INFO  org.hibernate.validator.internal.util.Version - HV000001: Hibernate Validator 5.2.4.Final
2021-09-14 13:47:32.995 INFO  o.s.b.d.env.DevToolsPropertyDefaultsPostProcessor - Devtools property defaults active! Set 'spring.devtools.add-properties' to 'false' to disable
2021-09-14 13:47:32.997 INFO  o.s.b.d.env.DevToolsPropertyDefaultsPostProcessor - For additional web related logging consider setting the 'logging.level.web' property to 'DEBUG'
2021-09-14 13:47:37.317 INFO  o.s.boot.web.embedded.tomcat.TomcatWebServer - Tomcat initialized with port(s): 8888 (http)
2021-09-14 13:47:37.345 INFO  org.apache.coyote.http11.Http11NioProtocol - Initializing ProtocolHandler ["http-nio-8888"]
2021-09-14 13:47:37.346 INFO  org.apache.catalina.core.StandardService - Starting service [Tomcat]
2021-09-14 13:47:37.347 INFO  org.apache.catalina.core.StandardEngine - Starting Servlet engine: [Apache Tomcat/9.0.46]
2021-09-14 13:47:37.624 INFO  o.a.c.core.ContainerBase.[Tomcat].[localhost].[/] - Initializing Spring embedded WebApplicationContext
2021-09-14 13:47:37.624 INFO  o.s.b.w.s.c.ServletWebServerApplicationContext - Root WebApplicationContext: initialization completed in 4625 ms
2021-09-14 13:47:41.492 INFO  com.zaxxer.hikari.HikariDataSource - HikariPool-1 - Starting...
2021-09-14 13:47:41.852 INFO  com.zaxxer.hikari.HikariDataSource - HikariPool-1 - Start completed.
2021-09-14 13:47:42.167 INFO  o.s.security.web.DefaultSecurityFilterChain - Will secure any request with [org.springframework.security.web.context.request.async.WebAsyncManagerIntegrationFilter@20253ae1, org.springframework.security.web.context.SecurityContextPersistenceFilter@75752b5e, org.springframework.security.web.header.HeaderWriterFilter@4233903b, org.springframework.web.filter.CorsFilter@38349948, org.springframework.security.web.authentication.logout.LogoutFilter@60b8faad, com.xtw.bridge.filter.JwtAuthenticationTokenFilter@337ebed3, org.springframework.security.web.savedrequest.RequestCacheAwareFilter@759561eb, org.springframework.security.web.servletapi.SecurityContextHolderAwareRequestFilter@47b2aeb3, org.springframework.security.web.authentication.rememberme.RememberMeAuthenticationFilter@41530141, org.springframework.security.web.authentication.AnonymousAuthenticationFilter@4b7ce0a9, org.springframework.security.web.session.SessionManagementFilter@679d4081, org.springframework.security.web.access.ExceptionTranslationFilter@7e92483a, org.springframework.security.web.access.intercept.FilterSecurityInterceptor@43399e74]
2021-09-14 13:47:42.284 INFO  o.s.b.d.autoconfigure.OptionalLiveReloadServer - LiveReload server is running on port 35729
2021-09-14 13:47:42.322 INFO  org.apache.coyote.http11.Http11NioProtocol - Starting ProtocolHandler ["http-nio-8888"]
2021-09-14 13:47:42.369 INFO  o.s.boot.web.embedded.tomcat.TomcatWebServer - Tomcat started on port(s): 8888 (http) with context path ''
2021-09-14 13:47:42.405 INFO  com.xtw.bridge.BridgeonzhoudaiApplication - Started BridgeonzhoudaiApplication in 11.148 seconds (JVM running for 12.665)
2021-09-14 13:47:42.833 INFO  o.a.c.core.ContainerBase.[Tomcat].[localhost].[/] - Initializing Spring DispatcherServlet 'dispatcherServlet'
2021-09-14 13:47:42.834 INFO  org.springframework.web.servlet.DispatcherServlet - Initializing Servlet 'dispatcherServlet'
2021-09-14 13:47:42.836 INFO  org.springframework.web.servlet.DispatcherServlet - Completed initialization in 2 ms
2021-09-14 13:49:22.950 INFO  org.hibernate.validator.internal.util.Version - HV000001: Hibernate Validator 5.2.4.Final
2021-09-14 13:49:22.980 INFO  com.xtw.bridge.BridgeonzhoudaiApplication - Starting BridgeonzhoudaiApplication using Java 1.8.0_261 on DESKTOP-CJ6RO9E with PID 5924 (D:\software\IDEAAllProj\Spring\bridge_zhoudai\target\classes started by admin in D:\software\IDEAAllProj\collect_zhoudai)
2021-09-14 13:49:22.982 INFO  com.xtw.bridge.BridgeonzhoudaiApplication - The following profiles are active: dev
2021-09-14 13:49:23.191 INFO  o.s.b.d.env.DevToolsPropertyDefaultsPostProcessor - Devtools property defaults active! Set 'spring.devtools.add-properties' to 'false' to disable
2021-09-14 13:49:23.192 INFO  o.s.b.d.env.DevToolsPropertyDefaultsPostProcessor - For additional web related logging consider setting the 'logging.level.web' property to 'DEBUG'
2021-09-14 13:49:27.375 INFO  o.s.boot.web.embedded.tomcat.TomcatWebServer - Tomcat initialized with port(s): 8888 (http)
2021-09-14 13:49:27.398 INFO  org.apache.coyote.http11.Http11NioProtocol - Initializing ProtocolHandler ["http-nio-8888"]
2021-09-14 13:49:27.399 INFO  org.apache.catalina.core.StandardService - Starting service [Tomcat]
2021-09-14 13:49:27.399 INFO  org.apache.catalina.core.StandardEngine - Starting Servlet engine: [Apache Tomcat/9.0.46]
2021-09-14 13:49:27.609 INFO  o.a.c.core.ContainerBase.[Tomcat].[localhost].[/] - Initializing Spring embedded WebApplicationContext
2021-09-14 13:49:27.610 INFO  o.s.b.w.s.c.ServletWebServerApplicationContext - Root WebApplicationContext: initialization completed in 4417 ms
2021-09-14 13:49:31.753 INFO  com.zaxxer.hikari.HikariDataSource - HikariPool-1 - Starting...
2021-09-14 13:49:32.065 INFO  com.zaxxer.hikari.HikariDataSource - HikariPool-1 - Start completed.
2021-09-14 13:49:32.386 INFO  o.s.security.web.DefaultSecurityFilterChain - Will secure any request with [org.springframework.security.web.context.request.async.WebAsyncManagerIntegrationFilter@4acfc241, org.springframework.security.web.context.SecurityContextPersistenceFilter@35470fd6, org.springframework.security.web.header.HeaderWriterFilter@7706428c, org.springframework.web.filter.CorsFilter@5dd25935, org.springframework.security.web.authentication.logout.LogoutFilter@6f6deca4, com.xtw.bridge.filter.JwtAuthenticationTokenFilter@36105096, org.springframework.security.web.savedrequest.RequestCacheAwareFilter@24163ad6, org.springframework.security.web.servletapi.SecurityContextHolderAwareRequestFilter@637bcc32, org.springframework.security.web.authentication.rememberme.RememberMeAuthenticationFilter@760ac411, org.springframework.security.web.authentication.AnonymousAuthenticationFilter@41276f95, org.springframework.security.web.session.SessionManagementFilter@48a4f567, org.springframework.security.web.access.ExceptionTranslationFilter@7a3e2b27, org.springframework.security.web.access.intercept.FilterSecurityInterceptor@2076c8df]
2021-09-14 13:49:32.502 INFO  o.s.b.d.autoconfigure.OptionalLiveReloadServer - LiveReload server is running on port 35729
2021-09-14 13:49:32.538 INFO  org.apache.coyote.http11.Http11NioProtocol - Starting ProtocolHandler ["http-nio-8888"]
2021-09-14 13:49:32.576 INFO  o.s.boot.web.embedded.tomcat.TomcatWebServer - Tomcat started on port(s): 8888 (http) with context path ''
2021-09-14 13:49:32.603 INFO  com.xtw.bridge.BridgeonzhoudaiApplication - Started BridgeonzhoudaiApplication in 11.033 seconds (JVM running for 12.487)
2021-09-14 13:49:33.359 INFO  o.a.c.core.ContainerBase.[Tomcat].[localhost].[/] - Initializing Spring DispatcherServlet 'dispatcherServlet'
2021-09-14 13:49:33.360 INFO  org.springframework.web.servlet.DispatcherServlet - Initializing Servlet 'dispatcherServlet'
2021-09-14 13:49:33.362 INFO  org.springframework.web.servlet.DispatcherServlet - Completed initialization in 2 ms
2021-09-14 13:50:24.732 INFO  com.zaxxer.hikari.HikariDataSource - HikariPool-1 - Shutdown initiated...
2021-09-14 13:50:24.760 INFO  com.zaxxer.hikari.HikariDataSource - HikariPool-1 - Shutdown completed.
2021-09-14 14:01:02.537 INFO  com.xtw.bridge.BridgeonzhoudaiApplication - Starting BridgeonzhoudaiApplication using Java 1.8.0_261 on DESKTOP-CJ6RO9E with PID 5924 (D:\software\IDEAAllProj\Spring\bridge_zhoudai\target\classes started by admin in D:\software\IDEAAllProj\collect_zhoudai)
2021-09-14 14:01:02.538 INFO  com.xtw.bridge.BridgeonzhoudaiApplication - The following profiles are active: dev
2021-09-14 14:01:02.907 INFO  o.s.boot.web.embedded.tomcat.TomcatWebServer - Tomcat initialized with port(s): 8888 (http)
2021-09-14 14:01:02.908 INFO  org.apache.catalina.core.StandardService - Starting service [Tomcat]
2021-09-14 14:01:02.908 INFO  org.apache.catalina.core.StandardEngine - Starting Servlet engine: [Apache Tomcat/9.0.46]
2021-09-14 14:01:02.928 INFO  o.a.c.c.ContainerBase.[Tomcat-1].[localhost].[/] - Initializing Spring embedded WebApplicationContext
2021-09-14 14:01:02.929 INFO  o.s.b.w.s.c.ServletWebServerApplicationContext - Root WebApplicationContext: initialization completed in 387 ms
2021-09-14 14:01:03.252 INFO  org.apache.catalina.core.StandardService - Stopping service [Tomcat]
2021-09-14 14:01:03.256 INFO  o.s.b.a.l.ConditionEvaluationReportLoggingListener - 

Error starting ApplicationContext. To display the conditions report re-run your application with 'debug' enabled.
2021-09-14 14:01:07.214 INFO  com.xtw.bridge.BridgeonzhoudaiApplication - Starting BridgeonzhoudaiApplication using Java 1.8.0_261 on DESKTOP-CJ6RO9E with PID 5924 (D:\software\IDEAAllProj\Spring\bridge_zhoudai\target\classes started by admin in D:\software\IDEAAllProj\collect_zhoudai)
2021-09-14 14:01:07.215 INFO  com.xtw.bridge.BridgeonzhoudaiApplication - The following profiles are active: dev
2021-09-14 14:01:08.229 INFO  o.s.boot.web.embedded.tomcat.TomcatWebServer - Tomcat initialized with port(s): 8888 (http)
2021-09-14 14:01:08.231 INFO  org.apache.catalina.core.StandardService - Starting service [Tomcat]
2021-09-14 14:01:08.231 INFO  org.apache.catalina.core.StandardEngine - Starting Servlet engine: [Apache Tomcat/9.0.46]
2021-09-14 14:01:08.287 INFO  o.a.c.c.ContainerBase.[Tomcat-2].[localhost].[/] - Initializing Spring embedded WebApplicationContext
2021-09-14 14:01:08.287 INFO  o.s.b.w.s.c.ServletWebServerApplicationContext - Root WebApplicationContext: initialization completed in 1066 ms
2021-09-14 14:01:10.466 INFO  com.zaxxer.hikari.HikariDataSource - HikariPool-2 - Starting...
2021-09-14 14:01:32.539 INFO  o.s.security.web.DefaultSecurityFilterChain - Will secure any request with [org.springframework.security.web.context.request.async.WebAsyncManagerIntegrationFilter@49057db3, org.springframework.security.web.context.SecurityContextPersistenceFilter@5ae6d9e, org.springframework.security.web.header.HeaderWriterFilter@3d0c5c8c, org.springframework.web.filter.CorsFilter@68d7fd5, org.springframework.security.web.authentication.logout.LogoutFilter@42ba6123, com.xtw.bridge.filter.JwtAuthenticationTokenFilter@7ae89624, org.springframework.security.web.savedrequest.RequestCacheAwareFilter@9b7f82a, org.springframework.security.web.servletapi.SecurityContextHolderAwareRequestFilter@56802dac, org.springframework.security.web.authentication.rememberme.RememberMeAuthenticationFilter@747ab7f6, org.springframework.security.web.authentication.AnonymousAuthenticationFilter@3e20c12b, org.springframework.security.web.session.SessionManagementFilter@6e7183be, org.springframework.security.web.access.ExceptionTranslationFilter@20559811, org.springframework.security.web.access.intercept.FilterSecurityInterceptor@1ca281f4]
2021-09-14 14:01:32.550 INFO  o.s.b.d.autoconfigure.OptionalLiveReloadServer - LiveReload server is running on port 35729
2021-09-14 14:01:32.562 INFO  o.s.boot.web.embedded.tomcat.TomcatWebServer - Tomcat started on port(s): 8888 (http) with context path ''
2021-09-14 14:01:32.566 INFO  com.xtw.bridge.BridgeonzhoudaiApplication - Started BridgeonzhoudaiApplication in 25.467 seconds (JVM running for 732.449)
2021-09-14 14:01:32.568 INFO  o.s.b.d.a.ConditionEvaluationDeltaLoggingListener - Condition evaluation unchanged
2021-09-14 14:01:32.932 INFO  o.a.c.c.ContainerBase.[Tomcat-2].[localhost].[/] - Initializing Spring DispatcherServlet 'dispatcherServlet'
2021-09-14 14:01:32.933 INFO  org.springframework.web.servlet.DispatcherServlet - Initializing Servlet 'dispatcherServlet'
2021-09-14 14:01:32.934 INFO  org.springframework.web.servlet.DispatcherServlet - Completed initialization in 1 ms
2021-09-14 14:01:32.937 INFO  com.zaxxer.hikari.HikariDataSource - HikariPool-2 - Starting...
2021-09-14 14:01:54.959 INFO  com.zaxxer.hikari.HikariDataSource - HikariPool-2 - Starting...
2021-09-14 14:02:16.969 INFO  com.zaxxer.hikari.HikariDataSource - HikariPool-2 - Starting...
2021-09-14 14:02:38.979 INFO  com.zaxxer.hikari.HikariDataSource - HikariPool-2 - Starting...
2021-09-14 14:03:00.995 INFO  com.zaxxer.hikari.HikariDataSource - HikariPool-2 - Starting...
2021-09-14 14:03:23.012 INFO  com.zaxxer.hikari.HikariDataSource - HikariPool-2 - Starting...
2021-09-14 14:03:45.031 INFO  com.zaxxer.hikari.HikariDataSource - HikariPool-2 - Starting...
2021-09-14 14:04:07.053 INFO  com.zaxxer.hikari.HikariDataSource - HikariPool-2 - Starting...
2021-09-14 14:04:29.064 INFO  com.zaxxer.hikari.HikariDataSource - HikariPool-2 - Starting...
2021-09-14 14:04:51.087 INFO  com.zaxxer.hikari.HikariDataSource - HikariPool-2 - Starting...
2021-09-14 14:05:13.109 INFO  com.zaxxer.hikari.HikariDataSource - HikariPool-2 - Starting...
2021-09-14 14:05:35.130 INFO  com.zaxxer.hikari.HikariDataSource - HikariPool-2 - Starting...
2021-09-14 14:05:57.152 INFO  com.zaxxer.hikari.HikariDataSource - HikariPool-2 - Starting...
2021-09-14 14:06:19.160 INFO  com.zaxxer.hikari.HikariDataSource - HikariPool-2 - Starting...
2021-09-14 14:06:41.170 INFO  com.zaxxer.hikari.HikariDataSource - HikariPool-2 - Starting...
2021-09-14 14:07:03.176 INFO  com.zaxxer.hikari.HikariDataSource - HikariPool-2 - Starting...
2021-09-14 14:07:14.048 INFO  com.zaxxer.hikari.HikariDataSource - HikariPool-2 - Starting...
2021-09-14 14:07:36.055 INFO  com.zaxxer.hikari.HikariDataSource - HikariPool-2 - Starting...
2021-09-14 14:07:58.060 INFO  com.zaxxer.hikari.HikariDataSource - HikariPool-2 - Starting...
2021-09-14 14:08:20.065 INFO  com.zaxxer.hikari.HikariDataSource - HikariPool-2 - Starting...
2021-09-14 14:08:42.069 INFO  com.zaxxer.hikari.HikariDataSource - HikariPool-2 - Starting...
