2021-07-30 13:59:58.743 INFO  com.xtw.bridge.BridgeonzhoudaiApplicationTests - Starting BridgeonzhoudaiApplicationTests using Java 1.8.0_261 on DESKTOP-KUQ8M65 with PID 2304 (started by Mr.Chen in E:\IDEAAllProj\Spring\bridge_zhoudai)
2021-07-30 13:59:58.749 INFO  com.xtw.bridge.BridgeonzhoudaiApplicationTests - The following profiles are active: dev
2021-07-30 13:59:58.754 INFO  org.hibernate.validator.internal.util.Version - HV000001: Hibernate Validator 5.2.4.Final
2021-07-30 14:00:01.748 INFO  com.zaxxer.hikari.HikariDataSource - HikariPool-1 - Starting...
2021-07-30 14:00:01.887 INFO  com.zaxxer.hikari.HikariDataSource - HikariPool-1 - Start completed.
2021-07-30 14:00:02.194 INFO  o.s.security.web.DefaultSecurityFilterChain - Will secure any request with [org.springframework.security.web.context.request.async.WebAsyncManagerIntegrationFilter@7418d76e, org.springframework.security.web.context.SecurityContextPersistenceFilter@7c5df615, org.springframework.security.web.header.HeaderWriterFilter@7302ff13, org.springframework.web.filter.CorsFilter@601eb4af, org.springframework.security.web.authentication.logout.LogoutFilter@2199e845, com.xtw.bridge.filter.JwtAuthenticationTokenFilter@11ede87f, org.springframework.security.web.savedrequest.RequestCacheAwareFilter@377949f1, org.springframework.security.web.servletapi.SecurityContextHolderAwareRequestFilter@241fbec, org.springframework.security.web.authentication.rememberme.RememberMeAuthenticationFilter@40943a6, org.springframework.security.web.authentication.AnonymousAuthenticationFilter@7675c171, org.springframework.security.web.session.SessionManagementFilter@7b351446, org.springframework.security.web.access.ExceptionTranslationFilter@592ca48c, org.springframework.security.web.access.intercept.FilterSecurityInterceptor@44f0ff2b]
2021-07-30 14:00:02.303 INFO  com.xtw.bridge.BridgeonzhoudaiApplicationTests - Started BridgeonzhoudaiApplicationTests in 3.968 seconds (JVM running for 5.168)
2021-07-30 14:00:02.723 INFO  com.zaxxer.hikari.HikariDataSource - HikariPool-1 - Shutdown initiated...
2021-07-30 14:00:02.738 INFO  com.zaxxer.hikari.HikariDataSource - HikariPool-1 - Shutdown completed.
2021-07-30 14:29:06.625 INFO  com.xtw.bridge.BridgeonzhoudaiApplicationTests - Starting BridgeonzhoudaiApplicationTests using Java 1.8.0_261 on DESKTOP-KUQ8M65 with PID 19308 (started by Mr.Chen in E:\IDEAAllProj\Spring\bridge_zhoudai)
2021-07-30 14:29:06.626 INFO  com.xtw.bridge.BridgeonzhoudaiApplicationTests - The following profiles are active: dev
2021-07-30 14:29:06.626 INFO  org.hibernate.validator.internal.util.Version - HV000001: Hibernate Validator 5.2.4.Final
2021-07-30 14:29:09.718 INFO  com.zaxxer.hikari.HikariDataSource - HikariPool-1 - Starting...
2021-07-30 14:29:09.858 INFO  com.zaxxer.hikari.HikariDataSource - HikariPool-1 - Start completed.
2021-07-30 14:29:10.148 INFO  o.s.security.web.DefaultSecurityFilterChain - Will secure any request with [org.springframework.security.web.context.request.async.WebAsyncManagerIntegrationFilter@1f84327b, org.springframework.security.web.context.SecurityContextPersistenceFilter@2415e4c7, org.springframework.security.web.header.HeaderWriterFilter@7c46c9c3, org.springframework.web.filter.CorsFilter@39549f33, org.springframework.security.web.authentication.logout.LogoutFilter@241fbec, com.xtw.bridge.filter.JwtAuthenticationTokenFilter@dbddbe3, org.springframework.security.web.savedrequest.RequestCacheAwareFilter@373afd6c, org.springframework.security.web.servletapi.SecurityContextHolderAwareRequestFilter@3fdcde7a, org.springframework.security.web.authentication.rememberme.RememberMeAuthenticationFilter@7fd99443, org.springframework.security.web.authentication.AnonymousAuthenticationFilter@7a83ccd2, org.springframework.security.web.session.SessionManagementFilter@382dc417, org.springframework.security.web.access.ExceptionTranslationFilter@437bd805, org.springframework.security.web.access.intercept.FilterSecurityInterceptor@26582ca]
2021-07-30 14:29:10.251 INFO  com.xtw.bridge.BridgeonzhoudaiApplicationTests - Started BridgeonzhoudaiApplicationTests in 4.033 seconds (JVM running for 4.96)
2021-07-30 14:29:10.565 INFO  com.zaxxer.hikari.HikariDataSource - HikariPool-1 - Shutdown initiated...
2021-07-30 14:29:10.580 INFO  com.zaxxer.hikari.HikariDataSource - HikariPool-1 - Shutdown completed.
2021-07-30 14:37:59.043 INFO  com.xtw.bridge.BridgeonzhoudaiApplicationTests - Starting BridgeonzhoudaiApplicationTests using Java 1.8.0_261 on DESKTOP-KUQ8M65 with PID 11604 (started by Mr.Chen in E:\IDEAAllProj\Spring\bridge_zhoudai)
2021-07-30 14:37:59.045 INFO  com.xtw.bridge.BridgeonzhoudaiApplicationTests - The following profiles are active: dev
2021-07-30 14:37:59.050 INFO  org.hibernate.validator.internal.util.Version - HV000001: Hibernate Validator 5.2.4.Final
2021-07-30 14:38:02.213 INFO  com.zaxxer.hikari.HikariDataSource - HikariPool-1 - Starting...
2021-07-30 14:38:02.374 INFO  com.zaxxer.hikari.HikariDataSource - HikariPool-1 - Start completed.
2021-07-30 14:38:02.683 INFO  o.s.security.web.DefaultSecurityFilterChain - Will secure any request with [org.springframework.security.web.context.request.async.WebAsyncManagerIntegrationFilter@51cab489, org.springframework.security.web.context.SecurityContextPersistenceFilter@1a21f43f, org.springframework.security.web.header.HeaderWriterFilter@3e26482, org.springframework.web.filter.CorsFilter@2f9a10df, org.springframework.security.web.authentication.logout.LogoutFilter@2fe2965c, com.xtw.bridge.filter.JwtAuthenticationTokenFilter@773c2214, org.springframework.security.web.savedrequest.RequestCacheAwareFilter@241fbec, org.springframework.security.web.servletapi.SecurityContextHolderAwareRequestFilter@4665428b, org.springframework.security.web.authentication.rememberme.RememberMeAuthenticationFilter@100aa331, org.springframework.security.web.authentication.AnonymousAuthenticationFilter@15e1f8fe, org.springframework.security.web.session.SessionManagementFilter@2f995afc, org.springframework.security.web.access.ExceptionTranslationFilter@7302ff13, org.springframework.security.web.access.intercept.FilterSecurityInterceptor@7418d76e]
2021-07-30 14:38:02.786 INFO  com.xtw.bridge.BridgeonzhoudaiApplicationTests - Started BridgeonzhoudaiApplicationTests in 4.162 seconds (JVM running for 5.028)
2021-07-30 14:38:03.068 INFO  com.zaxxer.hikari.HikariDataSource - HikariPool-1 - Shutdown initiated...
2021-07-30 14:38:03.081 INFO  com.zaxxer.hikari.HikariDataSource - HikariPool-1 - Shutdown completed.
2021-07-30 15:20:41.706 INFO  com.xtw.bridge.BridgeonzhoudaiApplicationTests - Starting BridgeonzhoudaiApplicationTests using Java 1.8.0_261 on DESKTOP-KUQ8M65 with PID 15548 (started by Mr.Chen in E:\IDEAAllProj\Spring\bridge_zhoudai)
2021-07-30 15:20:41.708 INFO  com.xtw.bridge.BridgeonzhoudaiApplicationTests - The following profiles are active: dev
2021-07-30 15:20:41.715 INFO  org.hibernate.validator.internal.util.Version - HV000001: Hibernate Validator 5.2.4.Final
2021-07-30 15:20:44.602 INFO  com.zaxxer.hikari.HikariDataSource - HikariPool-1 - Starting...
2021-07-30 15:20:44.754 INFO  com.zaxxer.hikari.HikariDataSource - HikariPool-1 - Start completed.
2021-07-30 15:20:45.053 INFO  o.s.security.web.DefaultSecurityFilterChain - Will secure any request with [org.springframework.security.web.context.request.async.WebAsyncManagerIntegrationFilter@2f9a10df, org.springframework.security.web.context.SecurityContextPersistenceFilter@7f0a133d, org.springframework.security.web.header.HeaderWriterFilter@7cfb0c4c, org.springframework.web.filter.CorsFilter@773c2214, org.springframework.security.web.authentication.logout.LogoutFilter@3375ebd3, com.xtw.bridge.filter.JwtAuthenticationTokenFilter@15e1f8fe, org.springframework.security.web.savedrequest.RequestCacheAwareFilter@715fa8c5, org.springframework.security.web.servletapi.SecurityContextHolderAwareRequestFilter@4a70d302, org.springframework.security.web.authentication.rememberme.RememberMeAuthenticationFilter@c2cf597, org.springframework.security.web.authentication.AnonymousAuthenticationFilter@110b7837, org.springframework.security.web.session.SessionManagementFilter@377949f1, org.springframework.security.web.access.ExceptionTranslationFilter@4017fe2c, org.springframework.security.web.access.intercept.FilterSecurityInterceptor@601eb4af]
2021-07-30 15:20:45.143 INFO  com.xtw.bridge.BridgeonzhoudaiApplicationTests - Started BridgeonzhoudaiApplicationTests in 3.829 seconds (JVM running for 4.677)
2021-07-30 15:20:45.380 INFO  com.zaxxer.hikari.HikariDataSource - HikariPool-1 - Shutdown initiated...
2021-07-30 15:20:45.403 INFO  com.zaxxer.hikari.HikariDataSource - HikariPool-1 - Shutdown completed.
2021-07-30 16:54:24.811 INFO  com.xtw.bridge.BridgeonzhoudaiApplicationTests - Starting BridgeonzhoudaiApplicationTests using Java 1.8.0_261 on DESKTOP-KUQ8M65 with PID 18216 (started by Mr.Chen in E:\IDEAAllProj\Spring\bridge_zhoudai)
2021-07-30 16:54:24.812 INFO  com.xtw.bridge.BridgeonzhoudaiApplicationTests - The following profiles are active: dev
2021-07-30 16:54:24.817 INFO  org.hibernate.validator.internal.util.Version - HV000001: Hibernate Validator 5.2.4.Final
2021-07-30 16:54:27.938 INFO  com.zaxxer.hikari.HikariDataSource - HikariPool-1 - Starting...
2021-07-30 16:54:28.084 INFO  com.zaxxer.hikari.HikariDataSource - HikariPool-1 - Start completed.
2021-07-30 16:54:28.374 INFO  o.s.security.web.DefaultSecurityFilterChain - Will secure any request with [org.springframework.security.web.context.request.async.WebAsyncManagerIntegrationFilter@3d3a1903, org.springframework.security.web.context.SecurityContextPersistenceFilter@30a7653e, org.springframework.security.web.header.HeaderWriterFilter@16b3c905, org.springframework.web.filter.CorsFilter@26582ca, org.springframework.security.web.authentication.logout.LogoutFilter@a1691c0, com.xtw.bridge.filter.JwtAuthenticationTokenFilter@153cb763, org.springframework.security.web.savedrequest.RequestCacheAwareFilter@6401188a, org.springframework.security.web.servletapi.SecurityContextHolderAwareRequestFilter@510689af, org.springframework.security.web.authentication.rememberme.RememberMeAuthenticationFilter@7f0a133d, org.springframework.security.web.authentication.AnonymousAuthenticationFilter@2c3158e0, org.springframework.security.web.session.SessionManagementFilter@7197b07f, org.springframework.security.web.access.ExceptionTranslationFilter@45592af7, org.springframework.security.web.access.intercept.FilterSecurityInterceptor@528c8c1]
2021-07-30 16:54:28.462 INFO  com.xtw.bridge.BridgeonzhoudaiApplicationTests - Started BridgeonzhoudaiApplicationTests in 4.032 seconds (JVM running for 4.926)
2021-07-30 16:54:28.726 INFO  com.zaxxer.hikari.HikariDataSource - HikariPool-1 - Shutdown initiated...
2021-07-30 16:54:28.738 INFO  com.zaxxer.hikari.HikariDataSource - HikariPool-1 - Shutdown completed.
