2021-07-29 14:51:01.212 INFO  com.xtw.bridge.BridgeonzhoudaiApplicationTests - Starting BridgeonzhoudaiApplicationTests using Java 1.8.0_261 on DESKTOP-KUQ8M65 with PID 17964 (started by Mr.Chen in E:\IDEAAllProj\Spring\bridge_zhoudai)
2021-07-29 14:51:01.218 INFO  com.xtw.bridge.BridgeonzhoudaiApplicationTests - The following profiles are active: dev
2021-07-29 14:51:01.240 INFO  org.hibernate.validator.internal.util.Version - HV000001: Hibernate Validator 5.2.4.Final
2021-07-29 14:51:04.366 INFO  com.zaxxer.hikari.HikariDataSource - HikariPool-1 - Starting...
2021-07-29 14:51:04.509 INFO  com.zaxxer.hikari.HikariDataSource - HikariPool-1 - Start completed.
2021-07-29 14:51:04.847 INFO  o.s.security.web.DefaultSecurityFilterChain - Will secure any request with [org.springframework.security.web.context.request.async.WebAsyncManagerIntegrationFilter@6b8d54da, org.springframework.security.web.context.SecurityContextPersistenceFilter@6a3fbcb1, org.springframework.security.web.header.HeaderWriterFilter@9df564f, org.springframework.web.filter.CorsFilter@79957f11, org.springframework.security.web.authentication.logout.LogoutFilter@6f6cc7da, com.xtw.bridge.filter.JwtAuthenticationTokenFilter@217235f5, org.springframework.security.web.savedrequest.RequestCacheAwareFilter@15d3793b, org.springframework.security.web.servletapi.SecurityContextHolderAwareRequestFilter@6637a365, org.springframework.security.web.authentication.rememberme.RememberMeAuthenticationFilter@565aa4ac, org.springframework.security.web.authentication.AnonymousAuthenticationFilter@4b41587d, org.springframework.security.web.session.SessionManagementFilter@4a70d302, org.springframework.security.web.access.ExceptionTranslationFilter@a1691c0, org.springframework.security.web.access.intercept.FilterSecurityInterceptor@6ee88e21]
2021-07-29 14:51:04.944 INFO  com.xtw.bridge.BridgeonzhoudaiApplicationTests - Started BridgeonzhoudaiApplicationTests in 4.182 seconds (JVM running for 5.524)
2021-07-29 14:51:05.428 INFO  com.zaxxer.hikari.HikariDataSource - HikariPool-1 - Shutdown initiated...
2021-07-29 14:51:05.458 INFO  com.zaxxer.hikari.HikariDataSource - HikariPool-1 - Shutdown completed.
2021-07-29 15:09:13.446 INFO  com.xtw.bridge.BridgeonzhoudaiApplicationTests - Starting BridgeonzhoudaiApplicationTests using Java 1.8.0_261 on DESKTOP-KUQ8M65 with PID 12640 (started by Mr.Chen in E:\IDEAAllProj\Spring\bridge_zhoudai)
2021-07-29 15:09:13.448 INFO  com.xtw.bridge.BridgeonzhoudaiApplicationTests - The following profiles are active: dev
2021-07-29 15:09:13.455 INFO  org.hibernate.validator.internal.util.Version - HV000001: Hibernate Validator 5.2.4.Final
2021-07-29 15:09:16.488 INFO  com.zaxxer.hikari.HikariDataSource - HikariPool-1 - Starting...
2021-07-29 15:09:16.635 INFO  com.zaxxer.hikari.HikariDataSource - HikariPool-1 - Start completed.
2021-07-29 15:09:16.945 INFO  o.s.security.web.DefaultSecurityFilterChain - Will secure any request with [org.springframework.security.web.context.request.async.WebAsyncManagerIntegrationFilter@7a83ccd2, org.springframework.security.web.context.SecurityContextPersistenceFilter@373afd6c, org.springframework.security.web.header.HeaderWriterFilter@1f10fec6, org.springframework.web.filter.CorsFilter@44aa2e13, org.springframework.security.web.authentication.logout.LogoutFilter@644a3add, com.xtw.bridge.filter.JwtAuthenticationTokenFilter@599a9cb2, org.springframework.security.web.savedrequest.RequestCacheAwareFilter@592ca48c, org.springframework.security.web.servletapi.SecurityContextHolderAwareRequestFilter@7302ff13, org.springframework.security.web.authentication.rememberme.RememberMeAuthenticationFilter@6a3fbcb1, org.springframework.security.web.authentication.AnonymousAuthenticationFilter@3a1b36a1, org.springframework.security.web.session.SessionManagementFilter@510689af, org.springframework.security.web.access.ExceptionTranslationFilter@6fa02932, org.springframework.security.web.access.intercept.FilterSecurityInterceptor@412ebe64]
2021-07-29 15:09:17.041 INFO  com.xtw.bridge.BridgeonzhoudaiApplicationTests - Started BridgeonzhoudaiApplicationTests in 4.004 seconds (JVM running for 4.886)
2021-07-29 15:09:17.319 INFO  com.zaxxer.hikari.HikariDataSource - HikariPool-1 - Shutdown initiated...
2021-07-29 15:09:17.334 INFO  com.zaxxer.hikari.HikariDataSource - HikariPool-1 - Shutdown completed.
2021-07-29 16:38:50.569 INFO  com.xtw.bridge.BridgeonzhoudaiApplicationTests - Starting BridgeonzhoudaiApplicationTests using Java 1.8.0_261 on DESKTOP-KUQ8M65 with PID 17284 (started by Mr.Chen in E:\IDEAAllProj\Spring\bridge_zhoudai)
2021-07-29 16:38:50.570 INFO  com.xtw.bridge.BridgeonzhoudaiApplicationTests - The following profiles are active: dev
2021-07-29 16:38:50.581 INFO  org.hibernate.validator.internal.util.Version - HV000001: Hibernate Validator 5.2.4.Final
2021-07-29 16:38:53.656 INFO  com.zaxxer.hikari.HikariDataSource - HikariPool-1 - Starting...
2021-07-29 16:38:53.795 INFO  com.zaxxer.hikari.HikariDataSource - HikariPool-1 - Start completed.
2021-07-29 16:38:54.107 INFO  o.s.security.web.DefaultSecurityFilterChain - Will secure any request with [org.springframework.security.web.context.request.async.WebAsyncManagerIntegrationFilter@22ead351, org.springframework.security.web.context.SecurityContextPersistenceFilter@6b37df8e, org.springframework.security.web.header.HeaderWriterFilter@521441d5, org.springframework.web.filter.CorsFilter@68af87ad, org.springframework.security.web.authentication.logout.LogoutFilter@6637a365, com.xtw.bridge.filter.JwtAuthenticationTokenFilter@43d65a81, org.springframework.security.web.savedrequest.RequestCacheAwareFilter@7b351446, org.springframework.security.web.servletapi.SecurityContextHolderAwareRequestFilter@2f995afc, org.springframework.security.web.authentication.rememberme.RememberMeAuthenticationFilter@27976390, org.springframework.security.web.authentication.AnonymousAuthenticationFilter@9cfc77, org.springframework.security.web.session.SessionManagementFilter@677ce519, org.springframework.security.web.access.ExceptionTranslationFilter@510689af, org.springframework.security.web.access.intercept.FilterSecurityInterceptor@256a0d95]
2021-07-29 16:38:54.198 INFO  com.xtw.bridge.BridgeonzhoudaiApplicationTests - Started BridgeonzhoudaiApplicationTests in 4.02 seconds (JVM running for 4.872)
2021-07-29 16:38:54.428 INFO  com.zaxxer.hikari.HikariDataSource - HikariPool-1 - Shutdown initiated...
2021-07-29 16:38:54.438 INFO  com.zaxxer.hikari.HikariDataSource - HikariPool-1 - Shutdown completed.
