2021-08-02 09:25:49.621 INFO  com.xtw.bridge.BridgeonzhoudaiApplicationTests - Starting BridgeonzhoudaiApplicationTests using Java 1.8.0_261 on DESKTOP-KUQ8M65 with PID 1516 (started by Mr.Chen in E:\IDEAAllProj\Spring\bridge_zhoudai)
2021-08-02 09:25:49.625 INFO  org.hibernate.validator.internal.util.Version - HV000001: Hibernate Validator 5.2.4.Final
2021-08-02 09:25:49.626 INFO  com.xtw.bridge.BridgeonzhoudaiApplicationTests - The following profiles are active: dev
2021-08-02 09:25:52.905 INFO  com.zaxxer.hikari.HikariDataSource - HikariPool-1 - Starting...
2021-08-02 09:25:53.048 INFO  com.zaxxer.hikari.HikariDataSource - HikariPool-1 - Start completed.
2021-08-02 09:25:53.361 INFO  o.s.security.web.DefaultSecurityFilterChain - Will secure any request with [org.springframework.security.web.context.request.async.WebAsyncManagerIntegrationFilter@68af87ad, org.springframework.security.web.context.SecurityContextPersistenceFilter@6b63abdc, org.springframework.security.web.header.HeaderWriterFilter@592ca48c, org.springframework.web.filter.CorsFilter@43d65a81, org.springframework.security.web.authentication.logout.LogoutFilter@1310fcb0, com.xtw.bridge.filter.JwtAuthenticationTokenFilter@9cfc77, org.springframework.security.web.savedrequest.RequestCacheAwareFilter@5f08fe00, org.springframework.security.web.servletapi.SecurityContextHolderAwareRequestFilter@377949f1, org.springframework.security.web.authentication.rememberme.RememberMeAuthenticationFilter@37e0056e, org.springframework.security.web.authentication.AnonymousAuthenticationFilter@7418d76e, org.springframework.security.web.session.SessionManagementFilter@3e26482, org.springframework.security.web.access.ExceptionTranslationFilter@2415e4c7, org.springframework.security.web.access.intercept.FilterSecurityInterceptor@2f3928ac]
2021-08-02 09:25:53.447 INFO  com.xtw.bridge.BridgeonzhoudaiApplicationTests - Started BridgeonzhoudaiApplicationTests in 4.231 seconds (JVM running for 5.097)
2021-08-02 09:25:53.748 INFO  com.zaxxer.hikari.HikariDataSource - HikariPool-1 - Shutdown initiated...
2021-08-02 09:25:53.760 INFO  com.zaxxer.hikari.HikariDataSource - HikariPool-1 - Shutdown completed.
2021-08-02 09:45:32.315 INFO  com.xtw.bridge.BridgeonzhoudaiApplicationTests - Starting BridgeonzhoudaiApplicationTests using Java 1.8.0_261 on DESKTOP-KUQ8M65 with PID 16168 (started by Mr.Chen in E:\IDEAAllProj\Spring\bridge_zhoudai)
2021-08-02 09:45:32.316 INFO  com.xtw.bridge.BridgeonzhoudaiApplicationTests - The following profiles are active: dev
2021-08-02 09:45:32.325 INFO  org.hibernate.validator.internal.util.Version - HV000001: Hibernate Validator 5.2.4.Final
2021-08-02 09:45:35.174 INFO  com.zaxxer.hikari.HikariDataSource - HikariPool-1 - Starting...
2021-08-02 09:45:35.303 INFO  com.zaxxer.hikari.HikariDataSource - HikariPool-1 - Start completed.
2021-08-02 09:45:35.592 INFO  o.s.security.web.DefaultSecurityFilterChain - Will secure any request with [org.springframework.security.web.context.request.async.WebAsyncManagerIntegrationFilter@44f0ff2b, org.springframework.security.web.context.SecurityContextPersistenceFilter@521441d5, org.springframework.security.web.header.HeaderWriterFilter@7a65a360, org.springframework.web.filter.CorsFilter@22ead351, org.springframework.security.web.authentication.logout.LogoutFilter@4b765e92, com.xtw.bridge.filter.JwtAuthenticationTokenFilter@68af87ad, org.springframework.security.web.savedrequest.RequestCacheAwareFilter@5fed9976, org.springframework.security.web.servletapi.SecurityContextHolderAwareRequestFilter@4017fe2c, org.springframework.security.web.authentication.rememberme.RememberMeAuthenticationFilter@2199e845, org.springframework.security.web.authentication.AnonymousAuthenticationFilter@43d65a81, org.springframework.security.web.session.SessionManagementFilter@2415e4c7, org.springframework.security.web.access.ExceptionTranslationFilter@61608e1a, org.springframework.security.web.access.intercept.FilterSecurityInterceptor@46a795de]
2021-08-02 09:45:35.683 INFO  com.xtw.bridge.BridgeonzhoudaiApplicationTests - Started BridgeonzhoudaiApplicationTests in 3.772 seconds (JVM running for 4.635)
2021-08-02 09:45:35.920 INFO  com.zaxxer.hikari.HikariDataSource - HikariPool-1 - Shutdown initiated...
2021-08-02 09:45:35.931 INFO  com.zaxxer.hikari.HikariDataSource - HikariPool-1 - Shutdown completed.
2021-08-02 10:15:01.273 INFO  com.xtw.bridge.BridgeonzhoudaiApplicationTests - Starting BridgeonzhoudaiApplicationTests using Java 1.8.0_261 on DESKTOP-KUQ8M65 with PID 652 (started by Mr.Chen in E:\IDEAAllProj\Spring\bridge_zhoudai)
2021-08-02 10:15:01.275 INFO  com.xtw.bridge.BridgeonzhoudaiApplicationTests - The following profiles are active: dev
2021-08-02 10:15:01.286 INFO  org.hibernate.validator.internal.util.Version - HV000001: Hibernate Validator 5.2.4.Final
2021-08-02 10:15:04.223 INFO  com.zaxxer.hikari.HikariDataSource - HikariPool-1 - Starting...
2021-08-02 10:15:04.366 INFO  com.zaxxer.hikari.HikariDataSource - HikariPool-1 - Start completed.
2021-08-02 10:15:04.683 INFO  o.s.security.web.DefaultSecurityFilterChain - Will secure any request with [org.springframework.security.web.context.request.async.WebAsyncManagerIntegrationFilter@dbddbe3, org.springframework.security.web.context.SecurityContextPersistenceFilter@72ce812e, org.springframework.security.web.header.HeaderWriterFilter@7197b07f, org.springframework.web.filter.CorsFilter@7a83ccd2, org.springframework.security.web.authentication.logout.LogoutFilter@715fa8c5, com.xtw.bridge.filter.JwtAuthenticationTokenFilter@44aa2e13, org.springframework.security.web.savedrequest.RequestCacheAwareFilter@521441d5, org.springframework.security.web.servletapi.SecurityContextHolderAwareRequestFilter@4f363abd, org.springframework.security.web.authentication.rememberme.RememberMeAuthenticationFilter@622d7e4, org.springframework.security.web.authentication.AnonymousAuthenticationFilter@599a9cb2, org.springframework.security.web.session.SessionManagementFilter@3daf03d8, org.springframework.security.web.access.ExceptionTranslationFilter@4b88ca8e, org.springframework.security.web.access.intercept.FilterSecurityInterceptor@2c3158e0]
2021-08-02 10:15:04.775 INFO  com.xtw.bridge.BridgeonzhoudaiApplicationTests - Started BridgeonzhoudaiApplicationTests in 3.904 seconds (JVM running for 4.806)
2021-08-02 10:15:05.017 INFO  com.zaxxer.hikari.HikariDataSource - HikariPool-1 - Shutdown initiated...
2021-08-02 10:15:05.027 INFO  com.zaxxer.hikari.HikariDataSource - HikariPool-1 - Shutdown completed.
2021-08-02 11:23:51.311 INFO  com.xtw.bridge.BridgeonzhoudaiApplicationTests - Starting BridgeonzhoudaiApplicationTests using Java 1.8.0_261 on DESKTOP-KUQ8M65 with PID 7388 (started by Mr.Chen in E:\IDEAAllProj\Spring\bridge_zhoudai)
2021-08-02 11:23:51.312 INFO  com.xtw.bridge.BridgeonzhoudaiApplicationTests - The following profiles are active: dev
2021-08-02 11:23:51.316 INFO  org.hibernate.validator.internal.util.Version - HV000001: Hibernate Validator 5.2.4.Final
2021-08-02 11:23:54.334 INFO  com.zaxxer.hikari.HikariDataSource - HikariPool-1 - Starting...
2021-08-02 11:23:54.489 INFO  com.zaxxer.hikari.HikariDataSource - HikariPool-1 - Start completed.
2021-08-02 11:23:54.776 INFO  o.s.security.web.DefaultSecurityFilterChain - Will secure any request with [org.springframework.security.web.context.request.async.WebAsyncManagerIntegrationFilter@31834a2b, org.springframework.security.web.context.SecurityContextPersistenceFilter@5fed9976, org.springframework.security.web.header.HeaderWriterFilter@53eba4b8, org.springframework.web.filter.CorsFilter@44f0ff2b, org.springframework.security.web.authentication.logout.LogoutFilter@4a70d302, com.xtw.bridge.filter.JwtAuthenticationTokenFilter@22ead351, org.springframework.security.web.savedrequest.RequestCacheAwareFilter@4f363abd, org.springframework.security.web.servletapi.SecurityContextHolderAwareRequestFilter@677ce519, org.springframework.security.web.authentication.rememberme.RememberMeAuthenticationFilter@55e1192, org.springframework.security.web.authentication.AnonymousAuthenticationFilter@68af87ad, org.springframework.security.web.session.SessionManagementFilter@7a65a360, org.springframework.security.web.access.ExceptionTranslationFilter@36359723, org.springframework.security.web.access.intercept.FilterSecurityInterceptor@39549f33]
2021-08-02 11:23:54.866 INFO  com.xtw.bridge.BridgeonzhoudaiApplicationTests - Started BridgeonzhoudaiApplicationTests in 3.951 seconds (JVM running for 4.821)
2021-08-02 11:23:55.073 INFO  com.zaxxer.hikari.HikariDataSource - HikariPool-1 - Shutdown initiated...
2021-08-02 11:23:55.089 INFO  com.zaxxer.hikari.HikariDataSource - HikariPool-1 - Shutdown completed.
2021-08-02 13:25:52.182 INFO  com.xtw.bridge.BridgeonzhoudaiApplicationTests - Starting BridgeonzhoudaiApplicationTests using Java 1.8.0_261 on DESKTOP-KUQ8M65 with PID 2340 (started by Mr.Chen in E:\IDEAAllProj\Spring\bridge_zhoudai)
2021-08-02 13:25:52.183 INFO  com.xtw.bridge.BridgeonzhoudaiApplicationTests - The following profiles are active: dev
2021-08-02 13:25:52.204 INFO  org.hibernate.validator.internal.util.Version - HV000001: Hibernate Validator 5.2.4.Final
2021-08-02 13:25:55.445 INFO  com.zaxxer.hikari.HikariDataSource - HikariPool-1 - Starting...
2021-08-02 13:25:55.590 INFO  com.zaxxer.hikari.HikariDataSource - HikariPool-1 - Start completed.
2021-08-02 13:25:55.927 INFO  o.s.security.web.DefaultSecurityFilterChain - Will secure any request with [org.springframework.security.web.context.request.async.WebAsyncManagerIntegrationFilter@3d3a1903, org.springframework.security.web.context.SecurityContextPersistenceFilter@30a7653e, org.springframework.security.web.header.HeaderWriterFilter@16b3c905, org.springframework.web.filter.CorsFilter@26582ca, org.springframework.security.web.authentication.logout.LogoutFilter@a1691c0, com.xtw.bridge.filter.JwtAuthenticationTokenFilter@153cb763, org.springframework.security.web.savedrequest.RequestCacheAwareFilter@6401188a, org.springframework.security.web.servletapi.SecurityContextHolderAwareRequestFilter@510689af, org.springframework.security.web.authentication.rememberme.RememberMeAuthenticationFilter@7f0a133d, org.springframework.security.web.authentication.AnonymousAuthenticationFilter@2c3158e0, org.springframework.security.web.session.SessionManagementFilter@7197b07f, org.springframework.security.web.access.ExceptionTranslationFilter@45592af7, org.springframework.security.web.access.intercept.FilterSecurityInterceptor@528c8c1]
2021-08-02 13:25:56.029 INFO  com.xtw.bridge.BridgeonzhoudaiApplicationTests - Started BridgeonzhoudaiApplicationTests in 4.287 seconds (JVM running for 5.237)
2021-08-02 13:25:56.290 INFO  com.zaxxer.hikari.HikariDataSource - HikariPool-1 - Shutdown initiated...
2021-08-02 13:25:56.300 INFO  com.zaxxer.hikari.HikariDataSource - HikariPool-1 - Shutdown completed.
2021-08-02 13:40:03.994 INFO  com.xtw.bridge.BridgeonzhoudaiApplicationTests - Starting BridgeonzhoudaiApplicationTests using Java 1.8.0_261 on DESKTOP-KUQ8M65 with PID 4892 (started by Mr.Chen in E:\IDEAAllProj\Spring\bridge_zhoudai)
2021-08-02 13:40:03.995 INFO  com.xtw.bridge.BridgeonzhoudaiApplicationTests - The following profiles are active: dev
2021-08-02 13:40:04.019 INFO  org.hibernate.validator.internal.util.Version - HV000001: Hibernate Validator 5.2.4.Final
2021-08-02 13:40:07.442 INFO  com.zaxxer.hikari.HikariDataSource - HikariPool-1 - Starting...
2021-08-02 13:40:07.605 INFO  com.zaxxer.hikari.HikariDataSource - HikariPool-1 - Start completed.
2021-08-02 13:40:07.921 INFO  o.s.security.web.DefaultSecurityFilterChain - Will secure any request with [org.springframework.security.web.context.request.async.WebAsyncManagerIntegrationFilter@3d3a1903, org.springframework.security.web.context.SecurityContextPersistenceFilter@30a7653e, org.springframework.security.web.header.HeaderWriterFilter@16b3c905, org.springframework.web.filter.CorsFilter@26582ca, org.springframework.security.web.authentication.logout.LogoutFilter@a1691c0, com.xtw.bridge.filter.JwtAuthenticationTokenFilter@153cb763, org.springframework.security.web.savedrequest.RequestCacheAwareFilter@6401188a, org.springframework.security.web.servletapi.SecurityContextHolderAwareRequestFilter@510689af, org.springframework.security.web.authentication.rememberme.RememberMeAuthenticationFilter@7f0a133d, org.springframework.security.web.authentication.AnonymousAuthenticationFilter@2c3158e0, org.springframework.security.web.session.SessionManagementFilter@7197b07f, org.springframework.security.web.access.ExceptionTranslationFilter@45592af7, org.springframework.security.web.access.intercept.FilterSecurityInterceptor@528c8c1]
2021-08-02 13:40:08.022 INFO  com.xtw.bridge.BridgeonzhoudaiApplicationTests - Started BridgeonzhoudaiApplicationTests in 4.449 seconds (JVM running for 5.447)
2021-08-02 13:40:08.273 INFO  com.zaxxer.hikari.HikariDataSource - HikariPool-1 - Shutdown initiated...
2021-08-02 13:40:08.289 INFO  com.zaxxer.hikari.HikariDataSource - HikariPool-1 - Shutdown completed.
2021-08-02 13:42:53.990 INFO  com.xtw.bridge.BridgeonzhoudaiApplicationTests - Starting BridgeonzhoudaiApplicationTests using Java 1.8.0_261 on DESKTOP-KUQ8M65 with PID 18332 (started by Mr.Chen in E:\IDEAAllProj\Spring\bridge_zhoudai)
2021-08-02 13:42:53.991 INFO  com.xtw.bridge.BridgeonzhoudaiApplicationTests - The following profiles are active: dev
2021-08-02 13:42:53.999 INFO  org.hibernate.validator.internal.util.Version - HV000001: Hibernate Validator 5.2.4.Final
2021-08-02 13:42:57.403 INFO  com.zaxxer.hikari.HikariDataSource - HikariPool-1 - Starting...
2021-08-02 13:42:57.549 INFO  com.zaxxer.hikari.HikariDataSource - HikariPool-1 - Start completed.
2021-08-02 13:42:57.879 INFO  o.s.security.web.DefaultSecurityFilterChain - Will secure any request with [org.springframework.security.web.context.request.async.WebAsyncManagerIntegrationFilter@4776e209, org.springframework.security.web.context.SecurityContextPersistenceFilter@6e8fdd19, org.springframework.security.web.header.HeaderWriterFilter@7fd99443, org.springframework.web.filter.CorsFilter@265a094b, org.springframework.security.web.authentication.logout.LogoutFilter@1f78d415, com.xtw.bridge.filter.JwtAuthenticationTokenFilter@1f536481, org.springframework.security.web.savedrequest.RequestCacheAwareFilter@2199e845, org.springframework.security.web.servletapi.SecurityContextHolderAwareRequestFilter@2fe2965c, org.springframework.security.web.authentication.rememberme.RememberMeAuthenticationFilter@153cb763, org.springframework.security.web.authentication.AnonymousAuthenticationFilter@5234b61a, org.springframework.security.web.session.SessionManagementFilter@6637a365, org.springframework.security.web.access.ExceptionTranslationFilter@644a3add, org.springframework.security.web.access.intercept.FilterSecurityInterceptor@4aebee4b]
2021-08-02 13:42:57.989 INFO  com.xtw.bridge.BridgeonzhoudaiApplicationTests - Started BridgeonzhoudaiApplicationTests in 4.419 seconds (JVM running for 5.379)
2021-08-02 13:42:58.322 INFO  com.zaxxer.hikari.HikariDataSource - HikariPool-1 - Shutdown initiated...
2021-08-02 13:42:58.333 INFO  com.zaxxer.hikari.HikariDataSource - HikariPool-1 - Shutdown completed.
2021-08-02 13:50:05.713 INFO  com.xtw.bridge.BridgeonzhoudaiApplicationTests - Starting BridgeonzhoudaiApplicationTests using Java 1.8.0_261 on DESKTOP-KUQ8M65 with PID 17444 (started by Mr.Chen in E:\IDEAAllProj\Spring\bridge_zhoudai)
2021-08-02 13:50:05.715 INFO  com.xtw.bridge.BridgeonzhoudaiApplicationTests - The following profiles are active: dev
2021-08-02 13:50:05.729 INFO  org.hibernate.validator.internal.util.Version - HV000001: Hibernate Validator 5.2.4.Final
2021-08-02 13:50:09.145 INFO  com.zaxxer.hikari.HikariDataSource - HikariPool-1 - Starting...
2021-08-02 13:50:09.406 INFO  com.zaxxer.hikari.HikariDataSource - HikariPool-1 - Start completed.
2021-08-02 13:50:09.900 INFO  o.s.security.web.DefaultSecurityFilterChain - Will secure any request with [org.springframework.security.web.context.request.async.WebAsyncManagerIntegrationFilter@2c3158e0, org.springframework.security.web.context.SecurityContextPersistenceFilter@33a8c9c9, org.springframework.security.web.header.HeaderWriterFilter@437bd805, org.springframework.web.filter.CorsFilter@412ebe64, org.springframework.security.web.authentication.logout.LogoutFilter@377949f1, com.xtw.bridge.filter.JwtAuthenticationTokenFilter@6f731759, org.springframework.security.web.savedrequest.RequestCacheAwareFilter@3daf03d8, org.springframework.security.web.servletapi.SecurityContextHolderAwareRequestFilter@373afd6c, org.springframework.security.web.authentication.rememberme.RememberMeAuthenticationFilter@644a3add, org.springframework.security.web.authentication.AnonymousAuthenticationFilter@1f84327b, org.springframework.security.web.session.SessionManagementFilter@30a7653e, org.springframework.security.web.access.ExceptionTranslationFilter@1ab14636, org.springframework.security.web.access.intercept.FilterSecurityInterceptor@27960b1e]
2021-08-02 13:50:10.027 INFO  com.xtw.bridge.BridgeonzhoudaiApplicationTests - Started BridgeonzhoudaiApplicationTests in 4.792 seconds (JVM running for 5.815)
2021-08-02 13:50:10.448 INFO  com.zaxxer.hikari.HikariDataSource - HikariPool-1 - Shutdown initiated...
2021-08-02 13:50:10.467 INFO  com.zaxxer.hikari.HikariDataSource - HikariPool-1 - Shutdown completed.
2021-08-02 14:04:21.464 INFO  com.xtw.bridge.BridgeonzhoudaiApplicationTests - Starting BridgeonzhoudaiApplicationTests using Java 1.8.0_261 on DESKTOP-KUQ8M65 with PID 10316 (started by Mr.Chen in E:\IDEAAllProj\Spring\bridge_zhoudai)
2021-08-02 14:04:21.465 INFO  com.xtw.bridge.BridgeonzhoudaiApplicationTests - The following profiles are active: dev
2021-08-02 14:04:21.465 INFO  org.hibernate.validator.internal.util.Version - HV000001: Hibernate Validator 5.2.4.Final
2021-08-02 14:04:25.028 INFO  com.zaxxer.hikari.HikariDataSource - HikariPool-1 - Starting...
2021-08-02 14:04:25.224 INFO  com.zaxxer.hikari.HikariDataSource - HikariPool-1 - Start completed.
2021-08-02 14:04:25.646 INFO  o.s.security.web.DefaultSecurityFilterChain - Will secure any request with [org.springframework.security.web.context.request.async.WebAsyncManagerIntegrationFilter@78d23d6a, org.springframework.security.web.context.SecurityContextPersistenceFilter@4665428b, org.springframework.security.web.header.HeaderWriterFilter@a1691c0, org.springframework.web.filter.CorsFilter@626e0c86, org.springframework.security.web.authentication.logout.LogoutFilter@100aa331, com.xtw.bridge.filter.JwtAuthenticationTokenFilter@28ee0a3c, org.springframework.security.web.savedrequest.RequestCacheAwareFilter@7fd99443, org.springframework.security.web.servletapi.SecurityContextHolderAwareRequestFilter@15d3793b, org.springframework.security.web.authentication.rememberme.RememberMeAuthenticationFilter@29f3c438, org.springframework.security.web.authentication.AnonymousAuthenticationFilter@2dd1086, org.springframework.security.web.session.SessionManagementFilter@715fa8c5, org.springframework.security.web.access.ExceptionTranslationFilter@6b37df8e, org.springframework.security.web.access.intercept.FilterSecurityInterceptor@2f9a10df]
2021-08-02 14:04:25.752 INFO  com.xtw.bridge.BridgeonzhoudaiApplicationTests - Started BridgeonzhoudaiApplicationTests in 4.733 seconds (JVM running for 5.644)
2021-08-02 14:04:26.053 INFO  com.zaxxer.hikari.HikariDataSource - HikariPool-1 - Shutdown initiated...
2021-08-02 14:04:26.068 INFO  com.zaxxer.hikari.HikariDataSource - HikariPool-1 - Shutdown completed.
